[     569ms] [ERROR] Subresource Integrity: The resource 'https://ccqqder.github.io/PeachPitBoat/js/appearance.min.6f41174b3a05b680820fe08cadbfa5fb7a7ca347b76a0955cdc68b9d8aca1ce24f0547e138cea33bcc7904d551a90afcb1cc7f2d9fe8557075d501419046c08c.js' has an integrity attribute, but the resource requires the request to be CORS enabled to check the integrity, and it is not. The resource has been blocked because the integrity cannot be enforced. @ http://localhost:1313/PeachPitBoat/:0
[     578ms] ReferenceError: mediumZoom is not defined
    at http://localhost:1313/PeachPitBoat/:2465:7
[ 1565588ms] [ERROR] Failed to load resource: the server responded with a status of 404 (Not Found) @ http://localhost:1313/images/apps/gantt-planet.png:0
[ 1565589ms] [ERROR] Failed to load resource: the server responded with a status of 404 (Not Found) @ http://localhost:1313/images/apps/python-dimensions.png:0
[ 1565591ms] [ERROR] Failed to load resource: the server responded with a status of 404 (Not Found) @ http://localhost:1313/images/apps/stonestory.png:0
[ 1565591ms] [ERROR] Failed to load resource: the server responded with a status of 404 (Not Found) @ http://localhost:1313/images/apps/sown-echoes.png:0
[ 1565593ms] [ERROR] Failed to load resource: the server responded with a status of 404 (Not Found) @ http://localhost:1313/images/apps/atomic-presence.png:0
[ 1565596ms] [ERROR] Failed to load resource: the server responded with a status of 404 (Not Found) @ http://localhost:1313/images/apps/english-n-plus-1.png:0
[ 1565596ms] [ERROR] Failed to load resource: the server responded with a status of 404 (Not Found) @ http://localhost:1313/images/apps/kana-juku.png:0
[ 1565596ms] [ERROR] Failed to load resource: the server responded with a status of 404 (Not Found) @ http://localhost:1313/images/apps/auditory-companion.png:0
[ 1573687ms] [ERROR] Failed to load resource: the server responded with a status of 404 (Not Found) @ http://localhost:1313/images/apps/python-dimensions.png:0
[ 1573687ms] [ERROR] Failed to load resource: the server responded with a status of 404 (Not Found) @ http://localhost:1313/images/apps/gantt-planet.png:0
[ 1573687ms] [ERROR] Failed to load resource: the server responded with a status of 404 (Not Found) @ http://localhost:1313/images/apps/stonestory.png:0
[ 1573687ms] [ERROR] Failed to load resource: the server responded with a status of 404 (Not Found) @ http://localhost:1313/images/apps/sown-echoes.png:0
[ 1573687ms] [ERROR] Failed to load resource: the server responded with a status of 404 (Not Found) @ http://localhost:1313/images/apps/english-n-plus-1.png:0
[ 1573687ms] [ERROR] Failed to load resource: the server responded with a status of 404 (Not Found) @ http://localhost:1313/images/apps/atomic-presence.png:0
[ 1573688ms] [ERROR] Failed to load resource: the server responded with a status of 404 (Not Found) @ http://localhost:1313/images/apps/kana-juku.png:0
[ 1573689ms] [ERROR] Failed to load resource: the server responded with a status of 404 (Not Found) @ http://localhost:1313/images/apps/auditory-companion.png:0
[ 1576307ms] [ERROR] Failed to load resource: the server responded with a status of 404 (Not Found) @ http://localhost:1313/images/apps/python-dimensions.png:0
[ 1576307ms] [ERROR] Failed to load resource: the server responded with a status of 404 (Not Found) @ http://localhost:1313/images/apps/gantt-planet.png:0
[ 1576307ms] [ERROR] Failed to load resource: the server responded with a status of 404 (Not Found) @ http://localhost:1313/images/apps/sown-echoes.png:0
[ 1576307ms] [ERROR] Failed to load resource: the server responded with a status of 404 (Not Found) @ http://localhost:1313/images/apps/stonestory.png:0
[ 1576308ms] [ERROR] Failed to load resource: the server responded with a status of 404 (Not Found) @ http://localhost:1313/images/apps/english-n-plus-1.png:0
[ 1576308ms] [ERROR] Failed to load resource: the server responded with a status of 404 (Not Found) @ http://localhost:1313/images/apps/atomic-presence.png:0
[ 1576309ms] [ERROR] Failed to load resource: the server responded with a status of 404 (Not Found) @ http://localhost:1313/images/apps/kana-juku.png:0
[ 1576309ms] [ERROR] Failed to load resource: the server responded with a status of 404 (Not Found) @ http://localhost:1313/images/apps/auditory-companion.png:0
[ 1580889ms] [ERROR] Failed to load resource: the server responded with a status of 404 (Not Found) @ http://localhost:1313/images/apps/python-dimensions.png:0
[ 1580890ms] [ERROR] Failed to load resource: the server responded with a status of 404 (Not Found) @ http://localhost:1313/images/apps/gantt-planet.png:0
[ 1580890ms] [ERROR] Failed to load resource: the server responded with a status of 404 (Not Found) @ http://localhost:1313/images/apps/sown-echoes.png:0
[ 1580890ms] [ERROR] Failed to load resource: the server responded with a status of 404 (Not Found) @ http://localhost:1313/images/apps/stonestory.png:0
[ 1580890ms] [ERROR] Failed to load resource: the server responded with a status of 404 (Not Found) @ http://localhost:1313/images/apps/english-n-plus-1.png:0
[ 1580890ms] [ERROR] Failed to load resource: the server responded with a status of 404 (Not Found) @ http://localhost:1313/images/apps/atomic-presence.png:0
[ 1580890ms] [ERROR] Failed to load resource: the server responded with a status of 404 (Not Found) @ http://localhost:1313/images/apps/kana-juku.png:0
[ 1580890ms] [ERROR] Failed to load resource: the server responded with a status of 404 (Not Found) @ http://localhost:1313/images/apps/auditory-companion.png:0
[ 1582259ms] [ERROR] Failed to load resource: the server responded with a status of 404 (Not Found) @ http://localhost:1313/images/apps/python-dimensions.png:0
[ 1583459ms] [ERROR] Failed to load resource: the server responded with a status of 404 (Not Found) @ http://localhost:1313/images/apps/python-dimensions.png:0
[ 1583459ms] [ERROR] Failed to load resource: the server responded with a status of 404 (Not Found) @ http://localhost:1313/images/apps/gantt-planet.png:0
[ 1583460ms] [ERROR] Failed to load resource: the server responded with a status of 404 (Not Found) @ http://localhost:1313/images/apps/sown-echoes.png:0
[ 1583460ms] [ERROR] Failed to load resource: the server responded with a status of 404 (Not Found) @ http://localhost:1313/images/apps/stonestory.png:0
[ 1583460ms] [ERROR] Failed to load resource: the server responded with a status of 404 (Not Found) @ http://localhost:1313/images/apps/english-n-plus-1.png:0
[ 1583461ms] [ERROR] Failed to load resource: the server responded with a status of 404 (Not Found) @ http://localhost:1313/images/apps/atomic-presence.png:0
[ 1583463ms] [ERROR] Failed to load resource: the server responded with a status of 404 (Not Found) @ http://localhost:1313/images/apps/kana-juku.png:0
[ 1583463ms] [ERROR] Failed to load resource: the server responded with a status of 404 (Not Found) @ http://localhost:1313/images/apps/auditory-companion.png:0
[ 1598438ms] [ERROR] Failed to load resource: the server responded with a status of 404 (Not Found) @ http://localhost:1313/images/apps/python-dimensions.png:0
[ 1598438ms] [ERROR] Failed to load resource: the server responded with a status of 404 (Not Found) @ http://localhost:1313/images/apps/gantt-planet.png:0
[ 1598438ms] [ERROR] Failed to load resource: the server responded with a status of 404 (Not Found) @ http://localhost:1313/images/apps/sown-echoes.png:0
[ 1598438ms] [ERROR] Failed to load resource: the server responded with a status of 404 (Not Found) @ http://localhost:1313/images/apps/stonestory.png:0
[ 1598440ms] [ERROR] Failed to load resource: the server responded with a status of 404 (Not Found) @ http://localhost:1313/images/apps/english-n-plus-1.png:0
[ 1598440ms] [ERROR] Failed to load resource: the server responded with a status of 404 (Not Found) @ http://localhost:1313/images/apps/atomic-presence.png:0
[ 1598441ms] [ERROR] Failed to load resource: the server responded with a status of 404 (Not Found) @ http://localhost:1313/images/apps/kana-juku.png:0
[ 1598441ms] [ERROR] Failed to load resource: the server responded with a status of 404 (Not Found) @ http://localhost:1313/images/apps/auditory-companion.png:0
[ 2136410ms] [ERROR] Failed to load resource: the server responded with a status of 404 (Not Found) @ http://localhost:1313/images/apps/sown-echoes.png:0
[ 2136410ms] [ERROR] Failed to load resource: the server responded with a status of 404 (Not Found) @ http://localhost:1313/images/apps/gantt-planet.png:0
[ 2136410ms] [ERROR] Failed to load resource: the server responded with a status of 404 (Not Found) @ http://localhost:1313/images/apps/stonestory.png:0
[ 2136413ms] [ERROR] Failed to load resource: the server responded with a status of 404 (Not Found) @ http://localhost:1313/images/apps/atomic-presence.png:0
[ 2136414ms] [ERROR] Failed to load resource: the server responded with a status of 404 (Not Found) @ http://localhost:1313/images/apps/english-n-plus-1.png:0
[ 2136415ms] [ERROR] Failed to load resource: the server responded with a status of 404 (Not Found) @ http://localhost:1313/images/apps/kana-juku.png:0
[ 2136415ms] [ERROR] Failed to load resource: the server responded with a status of 404 (Not Found) @ http://localhost:1313/images/apps/auditory-companion.png:0
[ 2138241ms] [ERROR] Failed to load resource: the server responded with a status of 404 (Not Found) @ http://localhost:1313/images/apps/python-dimensions.png:0
[ 2451364ms] [ERROR] Failed to load resource: the server responded with a status of 404 (Not Found) @ http://localhost:1313/images/apps/python-dimensions.png:0
[ 2451364ms] [ERROR] Failed to load resource: the server responded with a status of 404 (Not Found) @ http://localhost:1313/images/apps/gantt-planet.png:0
[ 2451366ms] [ERROR] Failed to load resource: the server responded with a status of 404 (Not Found) @ http://localhost:1313/images/apps/sown-echoes.png:0
[ 2451367ms] [ERROR] Failed to load resource: the server responded with a status of 404 (Not Found) @ http://localhost:1313/images/apps/stonestory.png:0
[ 2451368ms] [ERROR] Failed to load resource: the server responded with a status of 404 (Not Found) @ http://localhost:1313/images/apps/english-n-plus-1.png:0
[ 2451369ms] [ERROR] Failed to load resource: the server responded with a status of 404 (Not Found) @ http://localhost:1313/images/apps/atomic-presence.png:0
[ 2451370ms] [ERROR] Failed to load resource: the server responded with a status of 404 (Not Found) @ http://localhost:1313/images/apps/kana-juku.png:0
[ 2451372ms] [ERROR] Failed to load resource: the server responded with a status of 404 (Not Found) @ http://localhost:1313/images/apps/auditory-companion.png:0
[ 4188413ms] [ERROR] Subresource Integrity: The resource 'http://localhost:1315/PeachPitBoat/js/appearance.min.6f41174b3a05b680820fe08cadbfa5fb7a7ca347b76a0955cdc68b9d8aca1ce24f0547e138cea33bcc7904d551a90afcb1cc7f2d9fe8557075d501419046c08c.js' has an integrity attribute, but the resource requires the request to be CORS enabled to check the integrity, and it is not. The resource has been blocked because the integrity cannot be enforced. @ http://localhost:1313/PeachPitBoat/:0
[ 4188413ms] [ERROR] Subresource Integrity: The resource 'http://localhost:1315/PeachPitBoat/css/main.bundle.min.a14938fb6587b21926533e9ee6731393e8ce422482a34e1da8117ea8d080b83a4f4370abd74c1a4b197ba1293228dab7217bf67cda5a0e47cd0a7fc663f70e8a.css' has an integrity attribute, but the resource requires the request to be CORS enabled to check the integrity, and it is not. The resource has been blocked because the integrity cannot be enforced. @ http://localhost:1313/PeachPitBoat/:0
[ 4188413ms] [ERROR] Subresource Integrity: The resource 'http://localhost:1315/PeachPitBoat/lib/zoom/zoom.min.umd.b4b722fcb5d42f34f52b30a92f3521b69f403ca9d96d0d6179eb537cb870f5d83fdf1fe836688d95d5c99fefbda4170487711006e56051fa67ea00da10521721.js' has an integrity attribute, but the resource requires the request to be CORS enabled to check the integrity, and it is not. The resource has been blocked because the integrity cannot be enforced. @ http://localhost:1313/PeachPitBoat/:0
[ 4188415ms] ReferenceError: mediumZoom is not defined
    at http://localhost:1313/PeachPitBoat/:2459:7
[ 4188427ms] [ERROR] Subresource Integrity: The resource 'http://localhost:1315/PeachPitBoat/js/main.bundle.min.a9999e7d5a6aa7827cf40e5da4e36f779fb70170a0e3d58b9ec4b471f41eba10b952a1f8f566b7c3ebdfb5e936e7b63af610cfb815f75fc5d91684e704a34cd5.js' has an integrity attribute, but the resource requires the request to be CORS enabled to check the integrity, and it is not. The resource has been blocked because the integrity cannot be enforced. @ http://localhost:1313/PeachPitBoat/:0
[ 4191743ms] [ERROR] Subresource Integrity: The resource 'http://localhost:1315/PeachPitBoat/css/main.bundle.min.a14938fb6587b21926533e9ee6731393e8ce422482a34e1da8117ea8d080b83a4f4370abd74c1a4b197ba1293228dab7217bf67cda5a0e47cd0a7fc663f70e8a.css' has an integrity attribute, but the resource requires the request to be CORS enabled to check the integrity, and it is not. The resource has been blocked because the integrity cannot be enforced. @ http://localhost:1313/PeachPitBoat/:115
[ 4191743ms] [ERROR] Subresource Integrity: The resource 'http://localhost:1315/PeachPitBoat/js/appearance.min.6f41174b3a05b680820fe08cadbfa5fb7a7ca347b76a0955cdc68b9d8aca1ce24f0547e138cea33bcc7904d551a90afcb1cc7f2d9fe8557075d501419046c08c.js' has an integrity attribute, but the resource requires the request to be CORS enabled to check the integrity, and it is not. The resource has been blocked because the integrity cannot be enforced. @ http://localhost:1313/PeachPitBoat/:0
[ 4191743ms] [ERROR] Subresource Integrity: The resource 'http://localhost:1315/PeachPitBoat/lib/zoom/zoom.min.umd.b4b722fcb5d42f34f52b30a92f3521b69f403ca9d96d0d6179eb537cb870f5d83fdf1fe836688d95d5c99fefbda4170487711006e56051fa67ea00da10521721.js' has an integrity attribute, but the resource requires the request to be CORS enabled to check the integrity, and it is not. The resource has been blocked because the integrity cannot be enforced. @ http://localhost:1313/PeachPitBoat/:0
[ 4191743ms] [ERROR] Subresource Integrity: The resource 'http://localhost:1315/PeachPitBoat/js/main.bundle.min.a9999e7d5a6aa7827cf40e5da4e36f779fb70170a0e3d58b9ec4b471f41eba10b952a1f8f566b7c3ebdfb5e936e7b63af610cfb815f75fc5d91684e704a34cd5.js' has an integrity attribute, but the resource requires the request to be CORS enabled to check the integrity, and it is not. The resource has been blocked because the integrity cannot be enforced. @ http://localhost:1313/PeachPitBoat/:0
[ 4191750ms] ReferenceError: mediumZoom is not defined
    at http://localhost:1313/PeachPitBoat/:2459:7
[ 4194232ms] [ERROR] Subresource Integrity: The resource 'http://localhost:1315/PeachPitBoat/js/appearance.min.6f41174b3a05b680820fe08cadbfa5fb7a7ca347b76a0955cdc68b9d8aca1ce24f0547e138cea33bcc7904d551a90afcb1cc7f2d9fe8557075d501419046c08c.js' has an integrity attribute, but the resource requires the request to be CORS enabled to check the integrity, and it is not. The resource has been blocked because the integrity cannot be enforced. @ http://localhost:1313/PeachPitBoat/:0
[ 4194235ms] [ERROR] Subresource Integrity: The resource 'http://localhost:1315/PeachPitBoat/css/main.bundle.min.a14938fb6587b21926533e9ee6731393e8ce422482a34e1da8117ea8d080b83a4f4370abd74c1a4b197ba1293228dab7217bf67cda5a0e47cd0a7fc663f70e8a.css' has an integrity attribute, but the resource requires the request to be CORS enabled to check the integrity, and it is not. The resource has been blocked because the integrity cannot be enforced. @ http://localhost:1313/PeachPitBoat/:0
[ 4194235ms] [ERROR] Subresource Integrity: The resource 'http://localhost:1315/PeachPitBoat/lib/zoom/zoom.min.umd.b4b722fcb5d42f34f52b30a92f3521b69f403ca9d96d0d6179eb537cb870f5d83fdf1fe836688d95d5c99fefbda4170487711006e56051fa67ea00da10521721.js' has an integrity attribute, but the resource requires the request to be CORS enabled to check the integrity, and it is not. The resource has been blocked because the integrity cannot be enforced. @ http://localhost:1313/PeachPitBoat/:0
[ 4194236ms] ReferenceError: mediumZoom is not defined
    at http://localhost:1313/PeachPitBoat/:2459:7
[ 4194246ms] [ERROR] Subresource Integrity: The resource 'http://localhost:1315/PeachPitBoat/js/main.bundle.min.a9999e7d5a6aa7827cf40e5da4e36f779fb70170a0e3d58b9ec4b471f41eba10b952a1f8f566b7c3ebdfb5e936e7b63af610cfb815f75fc5d91684e704a34cd5.js' has an integrity attribute, but the resource requires the request to be CORS enabled to check the integrity, and it is not. The resource has been blocked because the integrity cannot be enforced. @ http://localhost:1313/PeachPitBoat/:0
[ 4195580ms] [ERROR] Subresource Integrity: The resource 'http://localhost:1315/PeachPitBoat/js/appearance.min.6f41174b3a05b680820fe08cadbfa5fb7a7ca347b76a0955cdc68b9d8aca1ce24f0547e138cea33bcc7904d551a90afcb1cc7f2d9fe8557075d501419046c08c.js' has an integrity attribute, but the resource requires the request to be CORS enabled to check the integrity, and it is not. The resource has been blocked because the integrity cannot be enforced. @ http://localhost:1313/PeachPitBoat/:0
[ 4195581ms] [ERROR] Subresource Integrity: The resource 'http://localhost:1315/PeachPitBoat/css/main.bundle.min.a14938fb6587b21926533e9ee6731393e8ce422482a34e1da8117ea8d080b83a4f4370abd74c1a4b197ba1293228dab7217bf67cda5a0e47cd0a7fc663f70e8a.css' has an integrity attribute, but the resource requires the request to be CORS enabled to check the integrity, and it is not. The resource has been blocked because the integrity cannot be enforced. @ http://localhost:1313/PeachPitBoat/:0
[ 4195582ms] [ERROR] Subresource Integrity: The resource 'http://localhost:1315/PeachPitBoat/lib/zoom/zoom.min.umd.b4b722fcb5d42f34f52b30a92f3521b69f403ca9d96d0d6179eb537cb870f5d83fdf1fe836688d95d5c99fefbda4170487711006e56051fa67ea00da10521721.js' has an integrity attribute, but the resource requires the request to be CORS enabled to check the integrity, and it is not. The resource has been blocked because the integrity cannot be enforced. @ http://localhost:1313/PeachPitBoat/:0
[ 4195584ms] ReferenceError: mediumZoom is not defined
    at http://localhost:1313/PeachPitBoat/:2459:7
[ 4195591ms] [ERROR] Subresource Integrity: The resource 'http://localhost:1315/PeachPitBoat/js/main.bundle.min.a9999e7d5a6aa7827cf40e5da4e36f779fb70170a0e3d58b9ec4b471f41eba10b952a1f8f566b7c3ebdfb5e936e7b63af610cfb815f75fc5d91684e704a34cd5.js' has an integrity attribute, but the resource requires the request to be CORS enabled to check the integrity, and it is not. The resource has been blocked because the integrity cannot be enforced. @ http://localhost:1313/PeachPitBoat/:0
[ 4195746ms] [ERROR] Subresource Integrity: The resource 'http://localhost:1315/PeachPitBoat/js/appearance.min.6f41174b3a05b680820fe08cadbfa5fb7a7ca347b76a0955cdc68b9d8aca1ce24f0547e138cea33bcc7904d551a90afcb1cc7f2d9fe8557075d501419046c08c.js' has an integrity attribute, but the resource requires the request to be CORS enabled to check the integrity, and it is not. The resource has been blocked because the integrity cannot be enforced. @ http://localhost:1313/PeachPitBoat/:0
[ 4195749ms] [ERROR] Subresource Integrity: The resource 'http://localhost:1315/PeachPitBoat/css/main.bundle.min.a14938fb6587b21926533e9ee6731393e8ce422482a34e1da8117ea8d080b83a4f4370abd74c1a4b197ba1293228dab7217bf67cda5a0e47cd0a7fc663f70e8a.css' has an integrity attribute, but the resource requires the request to be CORS enabled to check the integrity, and it is not. The resource has been blocked because the integrity cannot be enforced. @ http://localhost:1313/PeachPitBoat/:0
[ 4195749ms] [ERROR] Subresource Integrity: The resource 'http://localhost:1315/PeachPitBoat/lib/zoom/zoom.min.umd.b4b722fcb5d42f34f52b30a92f3521b69f403ca9d96d0d6179eb537cb870f5d83fdf1fe836688d95d5c99fefbda4170487711006e56051fa67ea00da10521721.js' has an integrity attribute, but the resource requires the request to be CORS enabled to check the integrity, and it is not. The resource has been blocked because the integrity cannot be enforced. @ http://localhost:1313/PeachPitBoat/:0
[ 4195752ms] ReferenceError: mediumZoom is not defined
    at http://localhost:1313/PeachPitBoat/:2459:7
[ 4195756ms] [ERROR] Subresource Integrity: The resource 'http://localhost:1315/PeachPitBoat/js/main.bundle.min.a9999e7d5a6aa7827cf40e5da4e36f779fb70170a0e3d58b9ec4b471f41eba10b952a1f8f566b7c3ebdfb5e936e7b63af610cfb815f75fc5d91684e704a34cd5.js' has an integrity attribute, but the resource requires the request to be CORS enabled to check the integrity, and it is not. The resource has been blocked because the integrity cannot be enforced. @ http://localhost:1313/PeachPitBoat/:0
[ 4195932ms] [ERROR] Subresource Integrity: The resource 'http://localhost:1315/PeachPitBoat/js/appearance.min.6f41174b3a05b680820fe08cadbfa5fb7a7ca347b76a0955cdc68b9d8aca1ce24f0547e138cea33bcc7904d551a90afcb1cc7f2d9fe8557075d501419046c08c.js' has an integrity attribute, but the resource requires the request to be CORS enabled to check the integrity, and it is not. The resource has been blocked because the integrity cannot be enforced. @ http://localhost:1313/PeachPitBoat/:0
[ 4195933ms] [ERROR] Subresource Integrity: The resource 'http://localhost:1315/PeachPitBoat/css/main.bundle.min.a14938fb6587b21926533e9ee6731393e8ce422482a34e1da8117ea8d080b83a4f4370abd74c1a4b197ba1293228dab7217bf67cda5a0e47cd0a7fc663f70e8a.css' has an integrity attribute, but the resource requires the request to be CORS enabled to check the integrity, and it is not. The resource has been blocked because the integrity cannot be enforced. @ http://localhost:1313/PeachPitBoat/:0
[ 4195933ms] [ERROR] Subresource Integrity: The resource 'http://localhost:1315/PeachPitBoat/lib/zoom/zoom.min.umd.b4b722fcb5d42f34f52b30a92f3521b69f403ca9d96d0d6179eb537cb870f5d83fdf1fe836688d95d5c99fefbda4170487711006e56051fa67ea00da10521721.js' has an integrity attribute, but the resource requires the request to be CORS enabled to check the integrity, and it is not. The resource has been blocked because the integrity cannot be enforced. @ http://localhost:1313/PeachPitBoat/:0
[ 4195934ms] ReferenceError: mediumZoom is not defined
    at http://localhost:1313/PeachPitBoat/:2459:7
[ 4195942ms] [ERROR] Subresource Integrity: The resource 'http://localhost:1315/PeachPitBoat/js/main.bundle.min.a9999e7d5a6aa7827cf40e5da4e36f779fb70170a0e3d58b9ec4b471f41eba10b952a1f8f566b7c3ebdfb5e936e7b63af610cfb815f75fc5d91684e704a34cd5.js' has an integrity attribute, but the resource requires the request to be CORS enabled to check the integrity, and it is not. The resource has been blocked because the integrity cannot be enforced. @ http://localhost:1313/PeachPitBoat/:0
[ 4219251ms] [ERROR] Failed to load resource: the server responded with a status of 404 (Not Found) @ http://localhost:65516/images/apps/python-dimensions.jpg:0
[ 4219252ms] [ERROR] Failed to load resource: the server responded with a status of 404 (Not Found) @ http://localhost:65516/images/apps/gantt-planet.jpg:0
[ 4219252ms] [ERROR] Failed to load resource: the server responded with a status of 404 (Not Found) @ http://localhost:65516/images/apps/sown-echoes.jpg:0
[ 4219252ms] [ERROR] Failed to load resource: the server responded with a status of 404 (Not Found) @ http://localhost:65516/images/apps/stonestory.jpg:0
[ 4219257ms] [ERROR] Failed to load resource: the server responded with a status of 404 (Not Found) @ http://localhost:65516/images/apps/english-n-plus-1.jpg:0
[ 4219257ms] [ERROR] Failed to load resource: the server responded with a status of 404 (Not Found) @ http://localhost:65516/images/apps/atomic-presence.jpg:0
[ 4219257ms] [ERROR] Failed to load resource: the server responded with a status of 404 (Not Found) @ http://localhost:65516/images/apps/kana-juku.jpg:0
[ 4219257ms] [ERROR] Failed to load resource: the server responded with a status of 404 (Not Found) @ http://localhost:65516/images/apps/auditory-companion.jpg:0
[ 4226716ms] [ERROR] Failed to load resource: the server responded with a status of 404 (Not Found) @ http://localhost:65516/images/apps/python-dimensions.jpg:0
[ 4228284ms] [ERROR] Failed to load resource: the server responded with a status of 404 (Not Found) @ http://localhost:65516/images/apps/python-dimensions.jpg:0
[ 4228285ms] [ERROR] Failed to load resource: the server responded with a status of 404 (Not Found) @ http://localhost:65516/images/apps/gantt-planet.jpg:0
[ 4228285ms] [ERROR] Failed to load resource: the server responded with a status of 404 (Not Found) @ http://localhost:65516/images/apps/sown-echoes.jpg:0
[ 4228286ms] [ERROR] Failed to load resource: the server responded with a status of 404 (Not Found) @ http://localhost:65516/images/apps/stonestory.jpg:0
[ 4228286ms] [ERROR] Failed to load resource: the server responded with a status of 404 (Not Found) @ http://localhost:65516/images/apps/english-n-plus-1.jpg:0
[ 4228286ms] [ERROR] Failed to load resource: the server responded with a status of 404 (Not Found) @ http://localhost:65516/images/apps/atomic-presence.jpg:0
[ 4228286ms] [ERROR] Failed to load resource: the server responded with a status of 404 (Not Found) @ http://localhost:65516/images/apps/kana-juku.jpg:0
[ 4228287ms] [ERROR] Failed to load resource: the server responded with a status of 404 (Not Found) @ http://localhost:65516/images/apps/auditory-companion.jpg:0
[ 4231500ms] [ERROR] Failed to load resource: the server responded with a status of 404 (Not Found) @ http://localhost:65516/images/apps/python-dimensions.jpg:0
[ 4231500ms] [ERROR] Failed to load resource: the server responded with a status of 404 (Not Found) @ http://localhost:65516/images/apps/gantt-planet.jpg:0
[ 4231500ms] [ERROR] Failed to load resource: the server responded with a status of 404 (Not Found) @ http://localhost:65516/images/apps/sown-echoes.jpg:0
[ 4231501ms] [ERROR] Failed to load resource: the server responded with a status of 404 (Not Found) @ http://localhost:65516/images/apps/stonestory.jpg:0
[ 4231501ms] [ERROR] Failed to load resource: the server responded with a status of 404 (Not Found) @ http://localhost:65516/images/apps/english-n-plus-1.jpg:0
[ 4231502ms] [ERROR] Failed to load resource: the server responded with a status of 404 (Not Found) @ http://localhost:65516/images/apps/atomic-presence.jpg:0
[ 4231502ms] [ERROR] Failed to load resource: the server responded with a status of 404 (Not Found) @ http://localhost:65516/images/apps/kana-juku.jpg:0
[ 4231502ms] [ERROR] Failed to load resource: the server responded with a status of 404 (Not Found) @ http://localhost:65516/images/apps/auditory-companion.jpg:0
[ 4505367ms] [ERROR] Subresource Integrity: The resource 'http://localhost:65516/PeachPitBoat/js/appearance.min.6f41174b3a05b680820fe08cadbfa5fb7a7ca347b76a0955cdc68b9d8aca1ce24f0547e138cea33bcc7904d551a90afcb1cc7f2d9fe8557075d501419046c08c.js' has an integrity attribute, but the resource requires the request to be CORS enabled to check the integrity, and it is not. The resource has been blocked because the integrity cannot be enforced. @ http://localhost:1313/PeachPitBoat/:0
[ 4505369ms] [ERROR] Subresource Integrity: The resource 'http://localhost:65516/PeachPitBoat/css/main.bundle.min.a14938fb6587b21926533e9ee6731393e8ce422482a34e1da8117ea8d080b83a4f4370abd74c1a4b197ba1293228dab7217bf67cda5a0e47cd0a7fc663f70e8a.css' has an integrity attribute, but the resource requires the request to be CORS enabled to check the integrity, and it is not. The resource has been blocked because the integrity cannot be enforced. @ http://localhost:1313/PeachPitBoat/:0
[ 4505369ms] [ERROR] Subresource Integrity: The resource 'http://localhost:65516/PeachPitBoat/lib/zoom/zoom.min.umd.b4b722fcb5d42f34f52b30a92f3521b69f403ca9d96d0d6179eb537cb870f5d83fdf1fe836688d95d5c99fefbda4170487711006e56051fa67ea00da10521721.js' has an integrity attribute, but the resource requires the request to be CORS enabled to check the integrity, and it is not. The resource has been blocked because the integrity cannot be enforced. @ http://localhost:1313/PeachPitBoat/:0
[ 4505369ms] ReferenceError: mediumZoom is not defined
    at http://localhost:1313/PeachPitBoat/:2459:7
[ 4505378ms] [ERROR] Subresource Integrity: The resource 'http://localhost:65516/PeachPitBoat/js/main.bundle.min.a9999e7d5a6aa7827cf40e5da4e36f779fb70170a0e3d58b9ec4b471f41eba10b952a1f8f566b7c3ebdfb5e936e7b63af610cfb815f75fc5d91684e704a34cd5.js' has an integrity attribute, but the resource requires the request to be CORS enabled to check the integrity, and it is not. The resource has been blocked because the integrity cannot be enforced. @ http://localhost:1313/PeachPitBoat/:0
[ 4506899ms] [ERROR] Failed to load resource: the server responded with a status of 404 (Not Found) @ http://localhost:65516/images/apps/python-dimensions.jpg:0
[ 4506899ms] [ERROR] Failed to load resource: the server responded with a status of 404 (Not Found) @ http://localhost:65516/images/apps/gantt-planet.jpg:0
[ 4506901ms] [ERROR] Failed to load resource: the server responded with a status of 404 (Not Found) @ http://localhost:65516/images/apps/sown-echoes.jpg:0
[ 4506901ms] [ERROR] Failed to load resource: the server responded with a status of 404 (Not Found) @ http://localhost:65516/images/apps/stonestory.jpg:0
[ 4506901ms] [ERROR] Failed to load resource: the server responded with a status of 404 (Not Found) @ http://localhost:65516/images/apps/english-n-plus-1.jpg:0
[ 4506901ms] [ERROR] Failed to load resource: the server responded with a status of 404 (Not Found) @ http://localhost:65516/images/apps/atomic-presence.jpg:0
[ 4506901ms] [ERROR] Failed to load resource: the server responded with a status of 404 (Not Found) @ http://localhost:65516/images/apps/kana-juku.jpg:0
[ 4506902ms] [ERROR] Failed to load resource: the server responded with a status of 404 (Not Found) @ http://localhost:65516/images/apps/auditory-companion.jpg:0
[ 4509297ms] [ERROR] Failed to load resource: the server responded with a status of 404 (Not Found) @ http://localhost:65516/images/apps/python-dimensions.jpg:0
