[      16ms] [ERROR] Subresource Integrity: The resource 'http://localhost:1315/PeachPitBoat/js/appearance.min.6f41174b3a05b680820fe08cadbfa5fb7a7ca347b76a0955cdc68b9d8aca1ce24f0547e138cea33bcc7904d551a90afcb1cc7f2d9fe8557075d501419046c08c.js' has an integrity attribute, but the resource requires the request to be CORS enabled to check the integrity, and it is not. The resource has been blocked because the integrity cannot be enforced. @ http://localhost:65516/PeachPitBoat/:0
[    2363ms] [ERROR] Failed to load resource: net::ERR_CONNECTION_REFUSED @ http://localhost:1315/PeachPitBoat/css/main.bundle.min.a14938fb6587b21926533e9ee6731393e8ce422482a34e1da8117ea8d080b83a4f4370abd74c1a4b197ba1293228dab7217bf67cda5a0e47cd0a7fc663f70e8a.css:0
[    2363ms] [ERROR] Failed to load resource: net::ERR_CONNECTION_REFUSED @ http://localhost:1315/PeachPitBoat/js/main.bundle.min.a9999e7d5a6aa7827cf40e5da4e36f779fb70170a0e3d58b9ec4b471f41eba10b952a1f8f566b7c3ebdfb5e936e7b63af610cfb815f75fc5d91684e704a34cd5.js:0
[    2364ms] [ERROR] Subresource Integrity: The resource 'http://localhost:1315/PeachPitBoat/lib/zoom/zoom.min.umd.b4b722fcb5d42f34f52b30a92f3521b69f403ca9d96d0d6179eb537cb870f5d83fdf1fe836688d95d5c99fefbda4170487711006e56051fa67ea00da10521721.js' has an integrity attribute, but the resource requires the request to be CORS enabled to check the integrity, and it is not. The resource has been blocked because the integrity cannot be enforced. @ http://localhost:65516/PeachPitBoat/:0
[    2364ms] [ERROR] Subresource Integrity: The resource 'http://localhost:1315/PeachPitBoat/js/main.bundle.min.a9999e7d5a6aa7827cf40e5da4e36f779fb70170a0e3d58b9ec4b471f41eba10b952a1f8f566b7c3ebdfb5e936e7b63af610cfb815f75fc5d91684e704a34cd5.js' has an integrity attribute, but the resource requires the request to be CORS enabled to check the integrity, and it is not. The resource has been blocked because the integrity cannot be enforced. @ http://localhost:65516/PeachPitBoat/:0
[    2365ms] ReferenceError: mediumZoom is not defined
    at http://localhost:65516/PeachPitBoat/:2475:7
[    4712ms] [ERROR] WebSocket connection to 'ws://localhost:1315/PeachPitBoat/livereload' failed: Error in connection establishment: net::ERR_CONNECTION_REFUSED @ http://localhost:65516/PeachPitBoat/livereload.js?mindelay=10&v=2&port=1315&path=PeachPitBoat/livereload:1
[    7106ms] [ERROR] WebSocket connection to 'ws://localhost:1315/PeachPitBoat/livereload' failed: Error in connection establishment: net::ERR_CONNECTION_REFUSED @ http://localhost:65516/PeachPitBoat/livereload.js?mindelay=10&v=2&port=1315&path=PeachPitBoat/livereload:1
[    9504ms] [ERROR] WebSocket connection to 'ws://localhost:1315/PeachPitBoat/livereload' failed: Error in connection establishment: net::ERR_CONNECTION_REFUSED @ http://localhost:65516/PeachPitBoat/livereload.js?mindelay=10&v=2&port=1315&path=PeachPitBoat/livereload:1
[   11894ms] [ERROR] WebSocket connection to 'ws://localhost:1315/PeachPitBoat/livereload' failed: Error in connection establishment: net::ERR_CONNECTION_REFUSED @ http://localhost:65516/PeachPitBoat/livereload.js?mindelay=10&v=2&port=1315&path=PeachPitBoat/livereload:1
[   14347ms] [ERROR] WebSocket connection to 'ws://localhost:1315/PeachPitBoat/livereload' failed: Error in connection establishment: net::ERR_CONNECTION_REFUSED @ http://localhost:65516/PeachPitBoat/livereload.js?mindelay=10&v=2&port=1315&path=PeachPitBoat/livereload:1
[   16863ms] [ERROR] WebSocket connection to 'ws://localhost:1315/PeachPitBoat/livereload' failed: Error in connection establishment: net::ERR_CONNECTION_REFUSED @ http://localhost:65516/PeachPitBoat/livereload.js?mindelay=10&v=2&port=1315&path=PeachPitBoat/livereload:1
[   19539ms] [ERROR] WebSocket connection to 'ws://localhost:1315/PeachPitBoat/livereload' failed: Error in connection establishment: net::ERR_CONNECTION_REFUSED @ http://localhost:65516/PeachPitBoat/livereload.js?mindelay=10&v=2&port=1315&path=PeachPitBoat/livereload:1
[   22542ms] [ERROR] WebSocket connection to 'ws://localhost:1315/PeachPitBoat/livereload' failed: Error in connection establishment: net::ERR_CONNECTION_REFUSED @ http://localhost:65516/PeachPitBoat/livereload.js?mindelay=10&v=2&port=1315&path=PeachPitBoat/livereload:1
[   26192ms] [ERROR] WebSocket connection to 'ws://localhost:1315/PeachPitBoat/livereload' failed: Error in connection establishment: net::ERR_CONNECTION_REFUSED @ http://localhost:65516/PeachPitBoat/livereload.js?mindelay=10&v=2&port=1315&path=PeachPitBoat/livereload:1
[   31100ms] [ERROR] WebSocket connection to 'ws://localhost:1315/PeachPitBoat/livereload' failed: Error in connection establishment: net::ERR_CONNECTION_REFUSED @ http://localhost:65516/PeachPitBoat/livereload.js?mindelay=10&v=2&port=1315&path=PeachPitBoat/livereload:1
[   38582ms] [ERROR] WebSocket connection to 'ws://localhost:1315/PeachPitBoat/livereload' failed: Error in connection establishment: net::ERR_CONNECTION_REFUSED @ http://localhost:65516/PeachPitBoat/livereload.js?mindelay=10&v=2&port=1315&path=PeachPitBoat/livereload:1
[   51186ms] [ERROR] WebSocket connection to 'ws://localhost:1315/PeachPitBoat/livereload' failed: Error in connection establishment: net::ERR_CONNECTION_REFUSED @ http://localhost:65516/PeachPitBoat/livereload.js?mindelay=10&v=2&port=1315&path=PeachPitBoat/livereload:1
[   74017ms] [ERROR] WebSocket connection to 'ws://localhost:1315/PeachPitBoat/livereload' failed: Error in connection establishment: net::ERR_CONNECTION_REFUSED @ http://localhost:65516/PeachPitBoat/livereload.js?mindelay=10&v=2&port=1315&path=PeachPitBoat/livereload:1
[  117299ms] [ERROR] WebSocket connection to 'ws://localhost:1315/PeachPitBoat/livereload' failed: Error in connection establishment: net::ERR_CONNECTION_REFUSED @ http://localhost:65516/PeachPitBoat/livereload.js?mindelay=10&v=2&port=1315&path=PeachPitBoat/livereload:1
[  179661ms] [ERROR] WebSocket connection to 'ws://localhost:1315/PeachPitBoat/livereload' failed: Error in connection establishment: net::ERR_CONNECTION_REFUSED @ http://localhost:65516/PeachPitBoat/livereload.js?mindelay=10&v=2&port=1315&path=PeachPitBoat/livereload:1
[  242022ms] [ERROR] WebSocket connection to 'ws://localhost:1315/PeachPitBoat/livereload' failed: Error in connection establishment: net::ERR_CONNECTION_REFUSED @ http://localhost:65516/PeachPitBoat/livereload.js?mindelay=10&v=2&port=1315&path=PeachPitBoat/livereload:1
[  304371ms] [ERROR] WebSocket connection to 'ws://localhost:1315/PeachPitBoat/livereload' failed: Error in connection establishment: net::ERR_CONNECTION_REFUSED @ http://localhost:65516/PeachPitBoat/livereload.js?mindelay=10&v=2&port=1315&path=PeachPitBoat/livereload:1
[  366730ms] [ERROR] WebSocket connection to 'ws://localhost:1315/PeachPitBoat/livereload' failed: Error in connection establishment: net::ERR_CONNECTION_REFUSED @ http://localhost:65516/PeachPitBoat/livereload.js?mindelay=10&v=2&port=1315&path=PeachPitBoat/livereload:1
[  429069ms] [ERROR] WebSocket connection to 'ws://localhost:1315/PeachPitBoat/livereload' failed: Error in connection establishment: net::ERR_CONNECTION_REFUSED @ http://localhost:65516/PeachPitBoat/livereload.js?mindelay=10&v=2&port=1315&path=PeachPitBoat/livereload:1
[  491418ms] [ERROR] WebSocket connection to 'ws://localhost:1315/PeachPitBoat/livereload' failed: Error in connection establishment: net::ERR_CONNECTION_REFUSED @ http://localhost:65516/PeachPitBoat/livereload.js?mindelay=10&v=2&port=1315&path=PeachPitBoat/livereload:1
[  553769ms] [ERROR] WebSocket connection to 'ws://localhost:1315/PeachPitBoat/livereload' failed: Error in connection establishment: net::ERR_CONNECTION_REFUSED @ http://localhost:65516/PeachPitBoat/livereload.js?mindelay=10&v=2&port=1315&path=PeachPitBoat/livereload:1
[  616118ms] [ERROR] WebSocket connection to 'ws://localhost:1315/PeachPitBoat/livereload' failed: Error in connection establishment: net::ERR_CONNECTION_REFUSED @ http://localhost:65516/PeachPitBoat/livereload.js?mindelay=10&v=2&port=1315&path=PeachPitBoat/livereload:1
[  678463ms] [ERROR] WebSocket connection to 'ws://localhost:1315/PeachPitBoat/livereload' failed: Error in connection establishment: net::ERR_CONNECTION_REFUSED @ http://localhost:65516/PeachPitBoat/livereload.js?mindelay=10&v=2&port=1315&path=PeachPitBoat/livereload:1
[  740813ms] [ERROR] WebSocket connection to 'ws://localhost:1315/PeachPitBoat/livereload' failed: Error in connection establishment: net::ERR_CONNECTION_REFUSED @ http://localhost:65516/PeachPitBoat/livereload.js?mindelay=10&v=2&port=1315&path=PeachPitBoat/livereload:1
[  803149ms] [ERROR] WebSocket connection to 'ws://localhost:1315/PeachPitBoat/livereload' failed: Error in connection establishment: net::ERR_CONNECTION_REFUSED @ http://localhost:65516/PeachPitBoat/livereload.js?mindelay=10&v=2&port=1315&path=PeachPitBoat/livereload:1
[  865484ms] [ERROR] WebSocket connection to 'ws://localhost:1315/PeachPitBoat/livereload' failed: Error in connection establishment: net::ERR_CONNECTION_REFUSED @ http://localhost:65516/PeachPitBoat/livereload.js?mindelay=10&v=2&port=1315&path=PeachPitBoat/livereload:1
[  927830ms] [ERROR] WebSocket connection to 'ws://localhost:1315/PeachPitBoat/livereload' failed: Error in connection establishment: net::ERR_CONNECTION_REFUSED @ http://localhost:65516/PeachPitBoat/livereload.js?mindelay=10&v=2&port=1315&path=PeachPitBoat/livereload:1
[  990178ms] [ERROR] WebSocket connection to 'ws://localhost:1315/PeachPitBoat/livereload' failed: Error in connection establishment: net::ERR_CONNECTION_REFUSED @ http://localhost:65516/PeachPitBoat/livereload.js?mindelay=10&v=2&port=1315&path=PeachPitBoat/livereload:1
[ 1052507ms] [ERROR] WebSocket connection to 'ws://localhost:1315/PeachPitBoat/livereload' failed: Error in connection establishment: net::ERR_CONNECTION_REFUSED @ http://localhost:65516/PeachPitBoat/livereload.js?mindelay=10&v=2&port=1315&path=PeachPitBoat/livereload:1
[ 1114824ms] [ERROR] WebSocket connection to 'ws://localhost:1315/PeachPitBoat/livereload' failed: Error in connection establishment: net::ERR_CONNECTION_REFUSED @ http://localhost:65516/PeachPitBoat/livereload.js?mindelay=10&v=2&port=1315&path=PeachPitBoat/livereload:1
[ 1177176ms] [ERROR] WebSocket connection to 'ws://localhost:1315/PeachPitBoat/livereload' failed: Error in connection establishment: net::ERR_CONNECTION_REFUSED @ http://localhost:65516/PeachPitBoat/livereload.js?mindelay=10&v=2&port=1315&path=PeachPitBoat/livereload:1
[ 1239504ms] [ERROR] WebSocket connection to 'ws://localhost:1315/PeachPitBoat/livereload' failed: Error in connection establishment: net::ERR_CONNECTION_REFUSED @ http://localhost:65516/PeachPitBoat/livereload.js?mindelay=10&v=2&port=1315&path=PeachPitBoat/livereload:1
[ 1301823ms] [ERROR] WebSocket connection to 'ws://localhost:1315/PeachPitBoat/livereload' failed: Error in connection establishment: net::ERR_CONNECTION_REFUSED @ http://localhost:65516/PeachPitBoat/livereload.js?mindelay=10&v=2&port=1315&path=PeachPitBoat/livereload:1
[ 1364162ms] [ERROR] WebSocket connection to 'ws://localhost:1315/PeachPitBoat/livereload' failed: Error in connection establishment: net::ERR_CONNECTION_REFUSED @ http://localhost:65516/PeachPitBoat/livereload.js?mindelay=10&v=2&port=1315&path=PeachPitBoat/livereload:1
[ 1426506ms] [ERROR] WebSocket connection to 'ws://localhost:1315/PeachPitBoat/livereload' failed: Error in connection establishment: net::ERR_CONNECTION_REFUSED @ http://localhost:65516/PeachPitBoat/livereload.js?mindelay=10&v=2&port=1315&path=PeachPitBoat/livereload:1
[ 1488846ms] [ERROR] WebSocket connection to 'ws://localhost:1315/PeachPitBoat/livereload' failed: Error in connection establishment: net::ERR_CONNECTION_REFUSED @ http://localhost:65516/PeachPitBoat/livereload.js?mindelay=10&v=2&port=1315&path=PeachPitBoat/livereload:1
[ 1551177ms] [ERROR] WebSocket connection to 'ws://localhost:1315/PeachPitBoat/livereload' failed: Error in connection establishment: net::ERR_CONNECTION_REFUSED @ http://localhost:65516/PeachPitBoat/livereload.js?mindelay=10&v=2&port=1315&path=PeachPitBoat/livereload:1
[ 1613520ms] [ERROR] WebSocket connection to 'ws://localhost:1315/PeachPitBoat/livereload' failed: Error in connection establishment: net::ERR_CONNECTION_REFUSED @ http://localhost:65516/PeachPitBoat/livereload.js?mindelay=10&v=2&port=1315&path=PeachPitBoat/livereload:1
[ 1675858ms] [ERROR] WebSocket connection to 'ws://localhost:1315/PeachPitBoat/livereload' failed: Error in connection establishment: net::ERR_CONNECTION_REFUSED @ http://localhost:65516/PeachPitBoat/livereload.js?mindelay=10&v=2&port=1315&path=PeachPitBoat/livereload:1
[ 1738211ms] [ERROR] WebSocket connection to 'ws://localhost:1315/PeachPitBoat/livereload' failed: Error in connection establishment: net::ERR_CONNECTION_REFUSED @ http://localhost:65516/PeachPitBoat/livereload.js?mindelay=10&v=2&port=1315&path=PeachPitBoat/livereload:1
[ 1800552ms] [ERROR] WebSocket connection to 'ws://localhost:1315/PeachPitBoat/livereload' failed: Error in connection establishment: net::ERR_CONNECTION_REFUSED @ http://localhost:65516/PeachPitBoat/livereload.js?mindelay=10&v=2&port=1315&path=PeachPitBoat/livereload:1
[ 3470377ms] [ERROR] Subresource Integrity: The resource 'http://localhost:1313/PeachPitBoat/js/appearance.min.6f41174b3a05b680820fe08cadbfa5fb7a7ca347b76a0955cdc68b9d8aca1ce24f0547e138cea33bcc7904d551a90afcb1cc7f2d9fe8557075d501419046c08c.js' has an integrity attribute, but the resource requires the request to be CORS enabled to check the integrity, and it is not. The resource has been blocked because the integrity cannot be enforced. @ http://localhost:50906/PeachPitBoat/:0
[ 3470378ms] [ERROR] Subresource Integrity: The resource 'http://localhost:1313/PeachPitBoat/css/main.bundle.min.a14938fb6587b21926533e9ee6731393e8ce422482a34e1da8117ea8d080b83a4f4370abd74c1a4b197ba1293228dab7217bf67cda5a0e47cd0a7fc663f70e8a.css' has an integrity attribute, but the resource requires the request to be CORS enabled to check the integrity, and it is not. The resource has been blocked because the integrity cannot be enforced. @ http://localhost:50906/PeachPitBoat/:0
[ 3470378ms] [ERROR] Subresource Integrity: The resource 'http://localhost:1313/PeachPitBoat/lib/zoom/zoom.min.umd.b4b722fcb5d42f34f52b30a92f3521b69f403ca9d96d0d6179eb537cb870f5d83fdf1fe836688d95d5c99fefbda4170487711006e56051fa67ea00da10521721.js' has an integrity attribute, but the resource requires the request to be CORS enabled to check the integrity, and it is not. The resource has been blocked because the integrity cannot be enforced. @ http://localhost:50906/PeachPitBoat/:0
[ 3470379ms] ReferenceError: mediumZoom is not defined
    at http://localhost:50906/PeachPitBoat/:2473:7
[ 3470393ms] [ERROR] Subresource Integrity: The resource 'http://localhost:1313/PeachPitBoat/js/main.bundle.min.a9999e7d5a6aa7827cf40e5da4e36f779fb70170a0e3d58b9ec4b471f41eba10b952a1f8f566b7c3ebdfb5e936e7b63af610cfb815f75fc5d91684e704a34cd5.js' has an integrity attribute, but the resource requires the request to be CORS enabled to check the integrity, and it is not. The resource has been blocked because the integrity cannot be enforced. @ http://localhost:50906/PeachPitBoat/:0
[ 3472445ms] [ERROR] Subresource Integrity: The resource 'http://localhost:1313/PeachPitBoat/css/main.bundle.min.a14938fb6587b21926533e9ee6731393e8ce422482a34e1da8117ea8d080b83a4f4370abd74c1a4b197ba1293228dab7217bf67cda5a0e47cd0a7fc663f70e8a.css' has an integrity attribute, but the resource requires the request to be CORS enabled to check the integrity, and it is not. The resource has been blocked because the integrity cannot be enforced. @ http://localhost:50906/PeachPitBoat/:115
[ 3472445ms] [ERROR] Subresource Integrity: The resource 'http://localhost:1313/PeachPitBoat/js/appearance.min.6f41174b3a05b680820fe08cadbfa5fb7a7ca347b76a0955cdc68b9d8aca1ce24f0547e138cea33bcc7904d551a90afcb1cc7f2d9fe8557075d501419046c08c.js' has an integrity attribute, but the resource requires the request to be CORS enabled to check the integrity, and it is not. The resource has been blocked because the integrity cannot be enforced. @ http://localhost:50906/PeachPitBoat/:0
[ 3472445ms] [ERROR] Subresource Integrity: The resource 'http://localhost:1313/PeachPitBoat/lib/zoom/zoom.min.umd.b4b722fcb5d42f34f52b30a92f3521b69f403ca9d96d0d6179eb537cb870f5d83fdf1fe836688d95d5c99fefbda4170487711006e56051fa67ea00da10521721.js' has an integrity attribute, but the resource requires the request to be CORS enabled to check the integrity, and it is not. The resource has been blocked because the integrity cannot be enforced. @ http://localhost:50906/PeachPitBoat/:0
[ 3472445ms] [ERROR] Subresource Integrity: The resource 'http://localhost:1313/PeachPitBoat/js/main.bundle.min.a9999e7d5a6aa7827cf40e5da4e36f779fb70170a0e3d58b9ec4b471f41eba10b952a1f8f566b7c3ebdfb5e936e7b63af610cfb815f75fc5d91684e704a34cd5.js' has an integrity attribute, but the resource requires the request to be CORS enabled to check the integrity, and it is not. The resource has been blocked because the integrity cannot be enforced. @ http://localhost:50906/PeachPitBoat/:0
[ 3472451ms] ReferenceError: mediumZoom is not defined
    at http://localhost:50906/PeachPitBoat/:2473:7
[ 3473857ms] [ERROR] Subresource Integrity: The resource 'http://localhost:1313/PeachPitBoat/js/appearance.min.6f41174b3a05b680820fe08cadbfa5fb7a7ca347b76a0955cdc68b9d8aca1ce24f0547e138cea33bcc7904d551a90afcb1cc7f2d9fe8557075d501419046c08c.js' has an integrity attribute, but the resource requires the request to be CORS enabled to check the integrity, and it is not. The resource has been blocked because the integrity cannot be enforced. @ http://localhost:50906/PeachPitBoat/:0
[ 3473860ms] [ERROR] Subresource Integrity: The resource 'http://localhost:1313/PeachPitBoat/css/main.bundle.min.a14938fb6587b21926533e9ee6731393e8ce422482a34e1da8117ea8d080b83a4f4370abd74c1a4b197ba1293228dab7217bf67cda5a0e47cd0a7fc663f70e8a.css' has an integrity attribute, but the resource requires the request to be CORS enabled to check the integrity, and it is not. The resource has been blocked because the integrity cannot be enforced. @ http://localhost:50906/PeachPitBoat/:0
[ 3473860ms] [ERROR] Subresource Integrity: The resource 'http://localhost:1313/PeachPitBoat/lib/zoom/zoom.min.umd.b4b722fcb5d42f34f52b30a92f3521b69f403ca9d96d0d6179eb537cb870f5d83fdf1fe836688d95d5c99fefbda4170487711006e56051fa67ea00da10521721.js' has an integrity attribute, but the resource requires the request to be CORS enabled to check the integrity, and it is not. The resource has been blocked because the integrity cannot be enforced. @ http://localhost:50906/PeachPitBoat/:0
[ 3473861ms] ReferenceError: mediumZoom is not defined
    at http://localhost:50906/PeachPitBoat/:2473:7
[ 3473867ms] [ERROR] Subresource Integrity: The resource 'http://localhost:1313/PeachPitBoat/js/main.bundle.min.a9999e7d5a6aa7827cf40e5da4e36f779fb70170a0e3d58b9ec4b471f41eba10b952a1f8f566b7c3ebdfb5e936e7b63af610cfb815f75fc5d91684e704a34cd5.js' has an integrity attribute, but the resource requires the request to be CORS enabled to check the integrity, and it is not. The resource has been blocked because the integrity cannot be enforced. @ http://localhost:50906/PeachPitBoat/:0
[ 3474338ms] [ERROR] Subresource Integrity: The resource 'http://localhost:1313/PeachPitBoat/css/main.bundle.min.a14938fb6587b21926533e9ee6731393e8ce422482a34e1da8117ea8d080b83a4f4370abd74c1a4b197ba1293228dab7217bf67cda5a0e47cd0a7fc663f70e8a.css' has an integrity attribute, but the resource requires the request to be CORS enabled to check the integrity, and it is not. The resource has been blocked because the integrity cannot be enforced. @ http://localhost:50906/PeachPitBoat/:0
[ 3474338ms] [ERROR] Subresource Integrity: The resource 'http://localhost:1313/PeachPitBoat/js/appearance.min.6f41174b3a05b680820fe08cadbfa5fb7a7ca347b76a0955cdc68b9d8aca1ce24f0547e138cea33bcc7904d551a90afcb1cc7f2d9fe8557075d501419046c08c.js' has an integrity attribute, but the resource requires the request to be CORS enabled to check the integrity, and it is not. The resource has been blocked because the integrity cannot be enforced. @ http://localhost:50906/PeachPitBoat/:0
[ 3474338ms] [ERROR] Subresource Integrity: The resource 'http://localhost:1313/PeachPitBoat/lib/zoom/zoom.min.umd.b4b722fcb5d42f34f52b30a92f3521b69f403ca9d96d0d6179eb537cb870f5d83fdf1fe836688d95d5c99fefbda4170487711006e56051fa67ea00da10521721.js' has an integrity attribute, but the resource requires the request to be CORS enabled to check the integrity, and it is not. The resource has been blocked because the integrity cannot be enforced. @ http://localhost:50906/PeachPitBoat/:0
[ 3474341ms] ReferenceError: mediumZoom is not defined
    at http://localhost:50906/PeachPitBoat/:2473:7
[ 3474347ms] [ERROR] Subresource Integrity: The resource 'http://localhost:1313/PeachPitBoat/js/main.bundle.min.a9999e7d5a6aa7827cf40e5da4e36f779fb70170a0e3d58b9ec4b471f41eba10b952a1f8f566b7c3ebdfb5e936e7b63af610cfb815f75fc5d91684e704a34cd5.js' has an integrity attribute, but the resource requires the request to be CORS enabled to check the integrity, and it is not. The resource has been blocked because the integrity cannot be enforced. @ http://localhost:50906/PeachPitBoat/:0
[ 3474593ms] [ERROR] Subresource Integrity: The resource 'http://localhost:1313/PeachPitBoat/css/main.bundle.min.a14938fb6587b21926533e9ee6731393e8ce422482a34e1da8117ea8d080b83a4f4370abd74c1a4b197ba1293228dab7217bf67cda5a0e47cd0a7fc663f70e8a.css' has an integrity attribute, but the resource requires the request to be CORS enabled to check the integrity, and it is not. The resource has been blocked because the integrity cannot be enforced. @ http://localhost:50906/PeachPitBoat/:0
[ 3474593ms] [ERROR] Subresource Integrity: The resource 'http://localhost:1313/PeachPitBoat/js/appearance.min.6f41174b3a05b680820fe08cadbfa5fb7a7ca347b76a0955cdc68b9d8aca1ce24f0547e138cea33bcc7904d551a90afcb1cc7f2d9fe8557075d501419046c08c.js' has an integrity attribute, but the resource requires the request to be CORS enabled to check the integrity, and it is not. The resource has been blocked because the integrity cannot be enforced. @ http://localhost:50906/PeachPitBoat/:0
[ 3474593ms] [ERROR] Subresource Integrity: The resource 'http://localhost:1313/PeachPitBoat/lib/zoom/zoom.min.umd.b4b722fcb5d42f34f52b30a92f3521b69f403ca9d96d0d6179eb537cb870f5d83fdf1fe836688d95d5c99fefbda4170487711006e56051fa67ea00da10521721.js' has an integrity attribute, but the resource requires the request to be CORS enabled to check the integrity, and it is not. The resource has been blocked because the integrity cannot be enforced. @ http://localhost:50906/PeachPitBoat/:0
[ 3474595ms] ReferenceError: mediumZoom is not defined
    at http://localhost:50906/PeachPitBoat/:2473:7
[ 3474602ms] [ERROR] Subresource Integrity: The resource 'http://localhost:1313/PeachPitBoat/js/main.bundle.min.a9999e7d5a6aa7827cf40e5da4e36f779fb70170a0e3d58b9ec4b471f41eba10b952a1f8f566b7c3ebdfb5e936e7b63af610cfb815f75fc5d91684e704a34cd5.js' has an integrity attribute, but the resource requires the request to be CORS enabled to check the integrity, and it is not. The resource has been blocked because the integrity cannot be enforced. @ http://localhost:50906/PeachPitBoat/:0
[ 3474812ms] [ERROR] Subresource Integrity: The resource 'http://localhost:1313/PeachPitBoat/js/appearance.min.6f41174b3a05b680820fe08cadbfa5fb7a7ca347b76a0955cdc68b9d8aca1ce24f0547e138cea33bcc7904d551a90afcb1cc7f2d9fe8557075d501419046c08c.js' has an integrity attribute, but the resource requires the request to be CORS enabled to check the integrity, and it is not. The resource has been blocked because the integrity cannot be enforced. @ http://localhost:50906/PeachPitBoat/:0
[ 3474814ms] [ERROR] Subresource Integrity: The resource 'http://localhost:1313/PeachPitBoat/css/main.bundle.min.a14938fb6587b21926533e9ee6731393e8ce422482a34e1da8117ea8d080b83a4f4370abd74c1a4b197ba1293228dab7217bf67cda5a0e47cd0a7fc663f70e8a.css' has an integrity attribute, but the resource requires the request to be CORS enabled to check the integrity, and it is not. The resource has been blocked because the integrity cannot be enforced. @ http://localhost:50906/PeachPitBoat/:0
[ 3474814ms] [ERROR] Subresource Integrity: The resource 'http://localhost:1313/PeachPitBoat/lib/zoom/zoom.min.umd.b4b722fcb5d42f34f52b30a92f3521b69f403ca9d96d0d6179eb537cb870f5d83fdf1fe836688d95d5c99fefbda4170487711006e56051fa67ea00da10521721.js' has an integrity attribute, but the resource requires the request to be CORS enabled to check the integrity, and it is not. The resource has been blocked because the integrity cannot be enforced. @ http://localhost:50906/PeachPitBoat/:0
[ 3474815ms] ReferenceError: mediumZoom is not defined
    at http://localhost:50906/PeachPitBoat/:2473:7
[ 3474820ms] [ERROR] Subresource Integrity: The resource 'http://localhost:1313/PeachPitBoat/js/main.bundle.min.a9999e7d5a6aa7827cf40e5da4e36f779fb70170a0e3d58b9ec4b471f41eba10b952a1f8f566b7c3ebdfb5e936e7b63af610cfb815f75fc5d91684e704a34cd5.js' has an integrity attribute, but the resource requires the request to be CORS enabled to check the integrity, and it is not. The resource has been blocked because the integrity cannot be enforced. @ http://localhost:50906/PeachPitBoat/:0
[ 3947081ms] [ERROR] WebSocket connection to 'ws://localhost:58310/PeachPitBoat/livereload' failed: Error in connection establishment: net::ERR_CONNECTION_REFUSED @ http://localhost:58310/PeachPitBoat/livereload.js?mindelay=10&v=2&port=58310&path=PeachPitBoat/livereload:1
[ 3949441ms] [ERROR] WebSocket connection to 'ws://localhost:58310/PeachPitBoat/livereload' failed: Error in connection establishment: net::ERR_CONNECTION_REFUSED @ http://localhost:58310/PeachPitBoat/livereload.js?mindelay=10&v=2&port=58310&path=PeachPitBoat/livereload:1
[ 3951827ms] [ERROR] WebSocket connection to 'ws://localhost:58310/PeachPitBoat/livereload' failed: Error in connection establishment: net::ERR_CONNECTION_REFUSED @ http://localhost:58310/PeachPitBoat/livereload.js?mindelay=10&v=2&port=58310&path=PeachPitBoat/livereload:1
[ 3954240ms] [ERROR] WebSocket connection to 'ws://localhost:58310/PeachPitBoat/livereload' failed: Error in connection establishment: net::ERR_CONNECTION_REFUSED @ http://localhost:58310/PeachPitBoat/livereload.js?mindelay=10&v=2&port=58310&path=PeachPitBoat/livereload:1
[ 3956755ms] [ERROR] WebSocket connection to 'ws://localhost:58310/PeachPitBoat/livereload' failed: Error in connection establishment: net::ERR_CONNECTION_REFUSED @ http://localhost:58310/PeachPitBoat/livereload.js?mindelay=10&v=2&port=58310&path=PeachPitBoat/livereload:1
[ 3959440ms] [ERROR] WebSocket connection to 'ws://localhost:58310/PeachPitBoat/livereload' failed: Error in connection establishment: net::ERR_CONNECTION_REFUSED @ http://localhost:58310/PeachPitBoat/livereload.js?mindelay=10&v=2&port=58310&path=PeachPitBoat/livereload:1
[ 3962421ms] [ERROR] WebSocket connection to 'ws://localhost:58310/PeachPitBoat/livereload' failed: Error in connection establishment: net::ERR_CONNECTION_REFUSED @ http://localhost:58310/PeachPitBoat/livereload.js?mindelay=10&v=2&port=58310&path=PeachPitBoat/livereload:1
[ 3966061ms] [ERROR] WebSocket connection to 'ws://localhost:58310/PeachPitBoat/livereload' failed: Error in connection establishment: net::ERR_CONNECTION_REFUSED @ http://localhost:58310/PeachPitBoat/livereload.js?mindelay=10&v=2&port=58310&path=PeachPitBoat/livereload:1
[ 3970965ms] [ERROR] WebSocket connection to 'ws://localhost:58310/PeachPitBoat/livereload' failed: Error in connection establishment: net::ERR_CONNECTION_REFUSED @ http://localhost:58310/PeachPitBoat/livereload.js?mindelay=10&v=2&port=58310&path=PeachPitBoat/livereload:1
[ 3978431ms] [ERROR] WebSocket connection to 'ws://localhost:58310/PeachPitBoat/livereload' failed: Error in connection establishment: net::ERR_CONNECTION_REFUSED @ http://localhost:58310/PeachPitBoat/livereload.js?mindelay=10&v=2&port=58310&path=PeachPitBoat/livereload:1
[ 3991032ms] [ERROR] WebSocket connection to 'ws://localhost:58310/PeachPitBoat/livereload' failed: Error in connection establishment: net::ERR_CONNECTION_REFUSED @ http://localhost:58310/PeachPitBoat/livereload.js?mindelay=10&v=2&port=58310&path=PeachPitBoat/livereload:1
[ 4240679ms] [ERROR] Failed to load resource: the server responded with a status of 404 (Not Found) @ http://localhost:1313/fonts/BricolageGrotesque-Regular.ttf:0
[ 4240680ms] [ERROR] Failed to load resource: the server responded with a status of 404 (Not Found) @ http://localhost:1313/fonts/InstrumentSerif-Regular.ttf:0
[ 4240680ms] [ERROR] Failed to load resource: the server responded with a status of 404 (Not Found) @ http://localhost:1313/fonts/BricolageGrotesque-Bold.ttf:0
[ 4240680ms] [ERROR] Failed to load resource: the server responded with a status of 404 (Not Found) @ http://localhost:1313/fonts/GeistMono-Regular.ttf:0
[ 4240689ms] [ERROR] Failed to load resource: the server responded with a status of 404 (Not Found) @ http://localhost:1313/fonts/TaipeiSansTCBeta-Regular.ttf:0
[ 4240689ms] [ERROR] Failed to load resource: the server responded with a status of 404 (Not Found) @ http://localhost:1313/fonts/LXGWWenKaiTC-Regular.ttf:0
[ 4240690ms] [ERROR] Failed to load resource: the server responded with a status of 404 (Not Found) @ http://localhost:1313/fonts/TaipeiSansTCBeta-Bold.ttf:0
[ 4244982ms] [ERROR] Failed to load resource: the server responded with a status of 404 (Not Found) @ http://localhost:1313/fonts/BricolageGrotesque-Regular.ttf:0
[ 4244982ms] [ERROR] Failed to load resource: the server responded with a status of 404 (Not Found) @ http://localhost:1313/fonts/InstrumentSerif-Regular.ttf:0
[ 4244982ms] [ERROR] Failed to load resource: the server responded with a status of 404 (Not Found) @ http://localhost:1313/fonts/BricolageGrotesque-Bold.ttf:0
[ 4244982ms] [ERROR] Failed to load resource: the server responded with a status of 404 (Not Found) @ http://localhost:1313/fonts/GeistMono-Regular.ttf:0
[ 4244987ms] [ERROR] Failed to load resource: the server responded with a status of 404 (Not Found) @ http://localhost:1313/fonts/TaipeiSansTCBeta-Regular.ttf:0
[ 4244987ms] [ERROR] Failed to load resource: the server responded with a status of 404 (Not Found) @ http://localhost:1313/fonts/LXGWWenKaiTC-Regular.ttf:0
[ 4244987ms] [ERROR] Failed to load resource: the server responded with a status of 404 (Not Found) @ http://localhost:1313/fonts/TaipeiSansTCBeta-Bold.ttf:0
[ 4339198ms] [ERROR] WebSocket connection to 'ws://localhost:1313/PeachPitBoat/livereload' failed: Error in connection establishment: net::ERR_CONNECTION_REFUSED @ http://localhost:1313/PeachPitBoat/livereload.js?mindelay=10&v=2&port=1313&path=PeachPitBoat/livereload:1
[ 6447423ms] [INFO] Launched external handler for 'mailto:qqder339@gmail.com'. @ http://localhost:1313/PeachPitBoat/:0
[72649091ms] [INFO] Launched external handler for 'mailto:qqder339@gmail.com'. @ http://localhost:1313/PeachPitBoat/:0
[77445233ms] [ERROR] WebSocket connection to 'ws://localhost:1313/PeachPitBoat/livereload' failed: Error in connection establishment: net::ERR_CONNECTION_REFUSED @ http://localhost:1313/PeachPitBoat/livereload.js?mindelay=10&v=2&port=1313&path=PeachPitBoat/livereload:1
[77447719ms] [ERROR] WebSocket connection to 'ws://localhost:1313/PeachPitBoat/livereload' failed: Error in connection establishment: net::ERR_CONNECTION_REFUSED @ http://localhost:1313/PeachPitBoat/livereload.js?mindelay=10&v=2&port=1313&path=PeachPitBoat/livereload:1
[77450091ms] [ERROR] WebSocket connection to 'ws://localhost:1313/PeachPitBoat/livereload' failed: Error in connection establishment: net::ERR_CONNECTION_REFUSED @ http://localhost:1313/PeachPitBoat/livereload.js?mindelay=10&v=2&port=1313&path=PeachPitBoat/livereload:1
[77452514ms] [ERROR] WebSocket connection to 'ws://localhost:1313/PeachPitBoat/livereload' failed: Error in connection establishment: net::ERR_CONNECTION_REFUSED @ http://localhost:1313/PeachPitBoat/livereload.js?mindelay=10&v=2&port=1313&path=PeachPitBoat/livereload:1
[77455039ms] [ERROR] WebSocket connection to 'ws://localhost:1313/PeachPitBoat/livereload' failed: Error in connection establishment: net::ERR_CONNECTION_REFUSED @ http://localhost:1313/PeachPitBoat/livereload.js?mindelay=10&v=2&port=1313&path=PeachPitBoat/livereload:1
[77457726ms] [ERROR] WebSocket connection to 'ws://localhost:1313/PeachPitBoat/livereload' failed: Error in connection establishment: net::ERR_CONNECTION_REFUSED @ http://localhost:1313/PeachPitBoat/livereload.js?mindelay=10&v=2&port=1313&path=PeachPitBoat/livereload:1
[77460730ms] [ERROR] WebSocket connection to 'ws://localhost:1313/PeachPitBoat/livereload' failed: Error in connection establishment: net::ERR_CONNECTION_REFUSED @ http://localhost:1313/PeachPitBoat/livereload.js?mindelay=10&v=2&port=1313&path=PeachPitBoat/livereload:1
[77464366ms] [ERROR] WebSocket connection to 'ws://localhost:1313/PeachPitBoat/livereload' failed: Error in connection establishment: net::ERR_CONNECTION_REFUSED @ http://localhost:1313/PeachPitBoat/livereload.js?mindelay=10&v=2&port=1313&path=PeachPitBoat/livereload:1
[77469297ms] [ERROR] WebSocket connection to 'ws://localhost:1313/PeachPitBoat/livereload' failed: Error in connection establishment: net::ERR_CONNECTION_REFUSED @ http://localhost:1313/PeachPitBoat/livereload.js?mindelay=10&v=2&port=1313&path=PeachPitBoat/livereload:1
[77476799ms] [ERROR] WebSocket connection to 'ws://localhost:1313/PeachPitBoat/livereload' failed: Error in connection establishment: net::ERR_CONNECTION_REFUSED @ http://localhost:1313/PeachPitBoat/livereload.js?mindelay=10&v=2&port=1313&path=PeachPitBoat/livereload:1
[77489519ms] [ERROR] WebSocket connection to 'ws://localhost:1313/PeachPitBoat/livereload' failed: Error in connection establishment: net::ERR_CONNECTION_REFUSED @ http://localhost:1313/PeachPitBoat/livereload.js?mindelay=10&v=2&port=1313&path=PeachPitBoat/livereload:1
[77512506ms] [ERROR] WebSocket connection to 'ws://localhost:1313/PeachPitBoat/livereload' failed: Error in connection establishment: net::ERR_CONNECTION_REFUSED @ http://localhost:1313/PeachPitBoat/livereload.js?mindelay=10&v=2&port=1313&path=PeachPitBoat/livereload:1
[77555918ms] [ERROR] WebSocket connection to 'ws://localhost:1313/PeachPitBoat/livereload' failed: Error in connection establishment: net::ERR_CONNECTION_REFUSED @ http://localhost:1313/PeachPitBoat/livereload.js?mindelay=10&v=2&port=1313&path=PeachPitBoat/livereload:1
[77618268ms] [ERROR] WebSocket connection to 'ws://localhost:1313/PeachPitBoat/livereload' failed: Error in connection establishment: net::ERR_CONNECTION_REFUSED @ http://localhost:1313/PeachPitBoat/livereload.js?mindelay=10&v=2&port=1313&path=PeachPitBoat/livereload:1
[77680627ms] [ERROR] WebSocket connection to 'ws://localhost:1313/PeachPitBoat/livereload' failed: Error in connection establishment: net::ERR_CONNECTION_REFUSED @ http://localhost:1313/PeachPitBoat/livereload.js?mindelay=10&v=2&port=1313&path=PeachPitBoat/livereload:1
[77742984ms] [ERROR] WebSocket connection to 'ws://localhost:1313/PeachPitBoat/livereload' failed: Error in connection establishment: net::ERR_CONNECTION_REFUSED @ http://localhost:1313/PeachPitBoat/livereload.js?mindelay=10&v=2&port=1313&path=PeachPitBoat/livereload:1
[77805342ms] [ERROR] WebSocket connection to 'ws://localhost:1313/PeachPitBoat/livereload' failed: Error in connection establishment: net::ERR_CONNECTION_REFUSED @ http://localhost:1313/PeachPitBoat/livereload.js?mindelay=10&v=2&port=1313&path=PeachPitBoat/livereload:1
[77867698ms] [ERROR] WebSocket connection to 'ws://localhost:1313/PeachPitBoat/livereload' failed: Error in connection establishment: net::ERR_CONNECTION_REFUSED @ http://localhost:1313/PeachPitBoat/livereload.js?mindelay=10&v=2&port=1313&path=PeachPitBoat/livereload:1
[77930046ms] [ERROR] WebSocket connection to 'ws://localhost:1313/PeachPitBoat/livereload' failed: Error in connection establishment: net::ERR_CONNECTION_REFUSED @ http://localhost:1313/PeachPitBoat/livereload.js?mindelay=10&v=2&port=1313&path=PeachPitBoat/livereload:1
[77992380ms] [ERROR] WebSocket connection to 'ws://localhost:1313/PeachPitBoat/livereload' failed: Error in connection establishment: net::ERR_CONNECTION_REFUSED @ http://localhost:1313/PeachPitBoat/livereload.js?mindelay=10&v=2&port=1313&path=PeachPitBoat/livereload:1
[78054716ms] [ERROR] WebSocket connection to 'ws://localhost:1313/PeachPitBoat/livereload' failed: Error in connection establishment: net::ERR_CONNECTION_REFUSED @ http://localhost:1313/PeachPitBoat/livereload.js?mindelay=10&v=2&port=1313&path=PeachPitBoat/livereload:1
[78117068ms] [ERROR] WebSocket connection to 'ws://localhost:1313/PeachPitBoat/livereload' failed: Error in connection establishment: net::ERR_CONNECTION_REFUSED @ http://localhost:1313/PeachPitBoat/livereload.js?mindelay=10&v=2&port=1313&path=PeachPitBoat/livereload:1
[78179402ms] [ERROR] WebSocket connection to 'ws://localhost:1313/PeachPitBoat/livereload' failed: Error in connection establishment: net::ERR_CONNECTION_REFUSED @ http://localhost:1313/PeachPitBoat/livereload.js?mindelay=10&v=2&port=1313&path=PeachPitBoat/livereload:1
[78241748ms] [ERROR] WebSocket connection to 'ws://localhost:1313/PeachPitBoat/livereload' failed: Error in connection establishment: net::ERR_CONNECTION_REFUSED @ http://localhost:1313/PeachPitBoat/livereload.js?mindelay=10&v=2&port=1313&path=PeachPitBoat/livereload:1
[78304093ms] [ERROR] WebSocket connection to 'ws://localhost:1313/PeachPitBoat/livereload' failed: Error in connection establishment: net::ERR_CONNECTION_REFUSED @ http://localhost:1313/PeachPitBoat/livereload.js?mindelay=10&v=2&port=1313&path=PeachPitBoat/livereload:1
[78366515ms] [ERROR] WebSocket connection to 'ws://localhost:1313/PeachPitBoat/livereload' failed: Error in connection establishment: net::ERR_CONNECTION_REFUSED @ http://localhost:1313/PeachPitBoat/livereload.js?mindelay=10&v=2&port=1313&path=PeachPitBoat/livereload:1
[78428854ms] [ERROR] WebSocket connection to 'ws://localhost:1313/PeachPitBoat/livereload' failed: Error in connection establishment: net::ERR_CONNECTION_REFUSED @ http://localhost:1313/PeachPitBoat/livereload.js?mindelay=10&v=2&port=1313&path=PeachPitBoat/livereload:1
[78491226ms] [ERROR] WebSocket connection to 'ws://localhost:1313/PeachPitBoat/livereload' failed: Error in connection establishment: net::ERR_CONNECTION_REFUSED @ http://localhost:1313/PeachPitBoat/livereload.js?mindelay=10&v=2&port=1313&path=PeachPitBoat/livereload:1
[78553588ms] [ERROR] WebSocket connection to 'ws://localhost:1313/PeachPitBoat/livereload' failed: Error in connection establishment: net::ERR_CONNECTION_REFUSED @ http://localhost:1313/PeachPitBoat/livereload.js?mindelay=10&v=2&port=1313&path=PeachPitBoat/livereload:1
[78615940ms] [ERROR] WebSocket connection to 'ws://localhost:1313/PeachPitBoat/livereload' failed: Error in connection establishment: net::ERR_CONNECTION_REFUSED @ http://localhost:1313/PeachPitBoat/livereload.js?mindelay=10&v=2&port=1313&path=PeachPitBoat/livereload:1
[78678317ms] [ERROR] WebSocket connection to 'ws://localhost:1313/PeachPitBoat/livereload' failed: Error in connection establishment: net::ERR_CONNECTION_REFUSED @ http://localhost:1313/PeachPitBoat/livereload.js?mindelay=10&v=2&port=1313&path=PeachPitBoat/livereload:1
[78740680ms] [ERROR] WebSocket connection to 'ws://localhost:1313/PeachPitBoat/livereload' failed: Error in connection establishment: net::ERR_CONNECTION_REFUSED @ http://localhost:1313/PeachPitBoat/livereload.js?mindelay=10&v=2&port=1313&path=PeachPitBoat/livereload:1
[78803041ms] [ERROR] WebSocket connection to 'ws://localhost:1313/PeachPitBoat/livereload' failed: Error in connection establishment: net::ERR_CONNECTION_REFUSED @ http://localhost:1313/PeachPitBoat/livereload.js?mindelay=10&v=2&port=1313&path=PeachPitBoat/livereload:1
[78865402ms] [ERROR] WebSocket connection to 'ws://localhost:1313/PeachPitBoat/livereload' failed: Error in connection establishment: net::ERR_CONNECTION_REFUSED @ http://localhost:1313/PeachPitBoat/livereload.js?mindelay=10&v=2&port=1313&path=PeachPitBoat/livereload:1
[78927733ms] [ERROR] WebSocket connection to 'ws://localhost:1313/PeachPitBoat/livereload' failed: Error in connection establishment: net::ERR_CONNECTION_REFUSED @ http://localhost:1313/PeachPitBoat/livereload.js?mindelay=10&v=2&port=1313&path=PeachPitBoat/livereload:1
[78990065ms] [ERROR] WebSocket connection to 'ws://localhost:1313/PeachPitBoat/livereload' failed: Error in connection establishment: net::ERR_CONNECTION_REFUSED @ http://localhost:1313/PeachPitBoat/livereload.js?mindelay=10&v=2&port=1313&path=PeachPitBoat/livereload:1
[79052420ms] [ERROR] WebSocket connection to 'ws://localhost:1313/PeachPitBoat/livereload' failed: Error in connection establishment: net::ERR_CONNECTION_REFUSED @ http://localhost:1313/PeachPitBoat/livereload.js?mindelay=10&v=2&port=1313&path=PeachPitBoat/livereload:1
[79114766ms] [ERROR] WebSocket connection to 'ws://localhost:1313/PeachPitBoat/livereload' failed: Error in connection establishment: net::ERR_CONNECTION_REFUSED @ http://localhost:1313/PeachPitBoat/livereload.js?mindelay=10&v=2&port=1313&path=PeachPitBoat/livereload:1
[79177117ms] [ERROR] WebSocket connection to 'ws://localhost:1313/PeachPitBoat/livereload' failed: Error in connection establishment: net::ERR_CONNECTION_REFUSED @ http://localhost:1313/PeachPitBoat/livereload.js?mindelay=10&v=2&port=1313&path=PeachPitBoat/livereload:1
[79239460ms] [ERROR] WebSocket connection to 'ws://localhost:1313/PeachPitBoat/livereload' failed: Error in connection establishment: net::ERR_CONNECTION_REFUSED @ http://localhost:1313/PeachPitBoat/livereload.js?mindelay=10&v=2&port=1313&path=PeachPitBoat/livereload:1
[79301811ms] [ERROR] WebSocket connection to 'ws://localhost:1313/PeachPitBoat/livereload' failed: Error in connection establishment: net::ERR_CONNECTION_REFUSED @ http://localhost:1313/PeachPitBoat/livereload.js?mindelay=10&v=2&port=1313&path=PeachPitBoat/livereload:1
[79364149ms] [ERROR] WebSocket connection to 'ws://localhost:1313/PeachPitBoat/livereload' failed: Error in connection establishment: net::ERR_CONNECTION_REFUSED @ http://localhost:1313/PeachPitBoat/livereload.js?mindelay=10&v=2&port=1313&path=PeachPitBoat/livereload:1
[79426500ms] [ERROR] WebSocket connection to 'ws://localhost:1313/PeachPitBoat/livereload' failed: Error in connection establishment: net::ERR_CONNECTION_REFUSED @ http://localhost:1313/PeachPitBoat/livereload.js?mindelay=10&v=2&port=1313&path=PeachPitBoat/livereload:1
[79488857ms] [ERROR] WebSocket connection to 'ws://localhost:1313/PeachPitBoat/livereload' failed: Error in connection establishment: net::ERR_CONNECTION_REFUSED @ http://localhost:1313/PeachPitBoat/livereload.js?mindelay=10&v=2&port=1313&path=PeachPitBoat/livereload:1
[79551210ms] [ERROR] WebSocket connection to 'ws://localhost:1313/PeachPitBoat/livereload' failed: Error in connection establishment: net::ERR_CONNECTION_REFUSED @ http://localhost:1313/PeachPitBoat/livereload.js?mindelay=10&v=2&port=1313&path=PeachPitBoat/livereload:1
[79613547ms] [ERROR] WebSocket connection to 'ws://localhost:1313/PeachPitBoat/livereload' failed: Error in connection establishment: net::ERR_CONNECTION_REFUSED @ http://localhost:1313/PeachPitBoat/livereload.js?mindelay=10&v=2&port=1313&path=PeachPitBoat/livereload:1
[79675981ms] [ERROR] WebSocket connection to 'ws://localhost:1313/PeachPitBoat/livereload' failed: Error in connection establishment: net::ERR_CONNECTION_REFUSED @ http://localhost:1313/PeachPitBoat/livereload.js?mindelay=10&v=2&port=1313&path=PeachPitBoat/livereload:1
[79738336ms] [ERROR] WebSocket connection to 'ws://localhost:1313/PeachPitBoat/livereload' failed: Error in connection establishment: net::ERR_CONNECTION_REFUSED @ http://localhost:1313/PeachPitBoat/livereload.js?mindelay=10&v=2&port=1313&path=PeachPitBoat/livereload:1
[79800697ms] [ERROR] WebSocket connection to 'ws://localhost:1313/PeachPitBoat/livereload' failed: Error in connection establishment: net::ERR_CONNECTION_REFUSED @ http://localhost:1313/PeachPitBoat/livereload.js?mindelay=10&v=2&port=1313&path=PeachPitBoat/livereload:1
[79863065ms] [ERROR] WebSocket connection to 'ws://localhost:1313/PeachPitBoat/livereload' failed: Error in connection establishment: net::ERR_CONNECTION_REFUSED @ http://localhost:1313/PeachPitBoat/livereload.js?mindelay=10&v=2&port=1313&path=PeachPitBoat/livereload:1
[79925397ms] [ERROR] WebSocket connection to 'ws://localhost:1313/PeachPitBoat/livereload' failed: Error in connection establishment: net::ERR_CONNECTION_REFUSED @ http://localhost:1313/PeachPitBoat/livereload.js?mindelay=10&v=2&port=1313&path=PeachPitBoat/livereload:1
[79987749ms] [ERROR] WebSocket connection to 'ws://localhost:1313/PeachPitBoat/livereload' failed: Error in connection establishment: net::ERR_CONNECTION_REFUSED @ http://localhost:1313/PeachPitBoat/livereload.js?mindelay=10&v=2&port=1313&path=PeachPitBoat/livereload:1
[80050089ms] [ERROR] WebSocket connection to 'ws://localhost:1313/PeachPitBoat/livereload' failed: Error in connection establishment: net::ERR_CONNECTION_REFUSED @ http://localhost:1313/PeachPitBoat/livereload.js?mindelay=10&v=2&port=1313&path=PeachPitBoat/livereload:1
[80112459ms] [ERROR] WebSocket connection to 'ws://localhost:1313/PeachPitBoat/livereload' failed: Error in connection establishment: net::ERR_CONNECTION_REFUSED @ http://localhost:1313/PeachPitBoat/livereload.js?mindelay=10&v=2&port=1313&path=PeachPitBoat/livereload:1
[80174811ms] [ERROR] WebSocket connection to 'ws://localhost:1313/PeachPitBoat/livereload' failed: Error in connection establishment: net::ERR_CONNECTION_REFUSED @ http://localhost:1313/PeachPitBoat/livereload.js?mindelay=10&v=2&port=1313&path=PeachPitBoat/livereload:1
[80237195ms] [ERROR] WebSocket connection to 'ws://localhost:1313/PeachPitBoat/livereload' failed: Error in connection establishment: net::ERR_CONNECTION_REFUSED @ http://localhost:1313/PeachPitBoat/livereload.js?mindelay=10&v=2&port=1313&path=PeachPitBoat/livereload:1
[80299560ms] [ERROR] WebSocket connection to 'ws://localhost:1313/PeachPitBoat/livereload' failed: Error in connection establishment: net::ERR_CONNECTION_REFUSED @ http://localhost:1313/PeachPitBoat/livereload.js?mindelay=10&v=2&port=1313&path=PeachPitBoat/livereload:1
[80361923ms] [ERROR] WebSocket connection to 'ws://localhost:1313/PeachPitBoat/livereload' failed: Error in connection establishment: net::ERR_CONNECTION_REFUSED @ http://localhost:1313/PeachPitBoat/livereload.js?mindelay=10&v=2&port=1313&path=PeachPitBoat/livereload:1
[80424272ms] [ERROR] WebSocket connection to 'ws://localhost:1313/PeachPitBoat/livereload' failed: Error in connection establishment: net::ERR_CONNECTION_REFUSED @ http://localhost:1313/PeachPitBoat/livereload.js?mindelay=10&v=2&port=1313&path=PeachPitBoat/livereload:1
[80486643ms] [ERROR] WebSocket connection to 'ws://localhost:1313/PeachPitBoat/livereload' failed: Error in connection establishment: net::ERR_CONNECTION_REFUSED @ http://localhost:1313/PeachPitBoat/livereload.js?mindelay=10&v=2&port=1313&path=PeachPitBoat/livereload:1
[80548977ms] [ERROR] WebSocket connection to 'ws://localhost:1313/PeachPitBoat/livereload' failed: Error in connection establishment: net::ERR_CONNECTION_REFUSED @ http://localhost:1313/PeachPitBoat/livereload.js?mindelay=10&v=2&port=1313&path=PeachPitBoat/livereload:1
[80611401ms] [ERROR] WebSocket connection to 'ws://localhost:1313/PeachPitBoat/livereload' failed: Error in connection establishment: net::ERR_CONNECTION_REFUSED @ http://localhost:1313/PeachPitBoat/livereload.js?mindelay=10&v=2&port=1313&path=PeachPitBoat/livereload:1
[80673770ms] [ERROR] WebSocket connection to 'ws://localhost:1313/PeachPitBoat/livereload' failed: Error in connection establishment: net::ERR_CONNECTION_REFUSED @ http://localhost:1313/PeachPitBoat/livereload.js?mindelay=10&v=2&port=1313&path=PeachPitBoat/livereload:1
[80736152ms] [ERROR] WebSocket connection to 'ws://localhost:1313/PeachPitBoat/livereload' failed: Error in connection establishment: net::ERR_CONNECTION_REFUSED @ http://localhost:1313/PeachPitBoat/livereload.js?mindelay=10&v=2&port=1313&path=PeachPitBoat/livereload:1
[80798517ms] [ERROR] WebSocket connection to 'ws://localhost:1313/PeachPitBoat/livereload' failed: Error in connection establishment: net::ERR_CONNECTION_REFUSED @ http://localhost:1313/PeachPitBoat/livereload.js?mindelay=10&v=2&port=1313&path=PeachPitBoat/livereload:1
[80860883ms] [ERROR] WebSocket connection to 'ws://localhost:1313/PeachPitBoat/livereload' failed: Error in connection establishment: net::ERR_CONNECTION_REFUSED @ http://localhost:1313/PeachPitBoat/livereload.js?mindelay=10&v=2&port=1313&path=PeachPitBoat/livereload:1
[80923222ms] [ERROR] WebSocket connection to 'ws://localhost:1313/PeachPitBoat/livereload' failed: Error in connection establishment: net::ERR_CONNECTION_REFUSED @ http://localhost:1313/PeachPitBoat/livereload.js?mindelay=10&v=2&port=1313&path=PeachPitBoat/livereload:1
[80985568ms] [ERROR] WebSocket connection to 'ws://localhost:1313/PeachPitBoat/livereload' failed: Error in connection establishment: net::ERR_CONNECTION_REFUSED @ http://localhost:1313/PeachPitBoat/livereload.js?mindelay=10&v=2&port=1313&path=PeachPitBoat/livereload:1
[81047911ms] [ERROR] WebSocket connection to 'ws://localhost:1313/PeachPitBoat/livereload' failed: Error in connection establishment: net::ERR_CONNECTION_REFUSED @ http://localhost:1313/PeachPitBoat/livereload.js?mindelay=10&v=2&port=1313&path=PeachPitBoat/livereload:1
[81110297ms] [ERROR] WebSocket connection to 'ws://localhost:1313/PeachPitBoat/livereload' failed: Error in connection establishment: net::ERR_CONNECTION_REFUSED @ http://localhost:1313/PeachPitBoat/livereload.js?mindelay=10&v=2&port=1313&path=PeachPitBoat/livereload:1
[81172654ms] [ERROR] WebSocket connection to 'ws://localhost:1313/PeachPitBoat/livereload' failed: Error in connection establishment: net::ERR_CONNECTION_REFUSED @ http://localhost:1313/PeachPitBoat/livereload.js?mindelay=10&v=2&port=1313&path=PeachPitBoat/livereload:1
[81235018ms] [ERROR] WebSocket connection to 'ws://localhost:1313/PeachPitBoat/livereload' failed: Error in connection establishment: net::ERR_CONNECTION_REFUSED @ http://localhost:1313/PeachPitBoat/livereload.js?mindelay=10&v=2&port=1313&path=PeachPitBoat/livereload:1
[81297366ms] [ERROR] WebSocket connection to 'ws://localhost:1313/PeachPitBoat/livereload' failed: Error in connection establishment: net::ERR_CONNECTION_REFUSED @ http://localhost:1313/PeachPitBoat/livereload.js?mindelay=10&v=2&port=1313&path=PeachPitBoat/livereload:1
[81359700ms] [ERROR] WebSocket connection to 'ws://localhost:1313/PeachPitBoat/livereload' failed: Error in connection establishment: net::ERR_CONNECTION_REFUSED @ http://localhost:1313/PeachPitBoat/livereload.js?mindelay=10&v=2&port=1313&path=PeachPitBoat/livereload:1
[81422047ms] [ERROR] WebSocket connection to 'ws://localhost:1313/PeachPitBoat/livereload' failed: Error in connection establishment: net::ERR_CONNECTION_REFUSED @ http://localhost:1313/PeachPitBoat/livereload.js?mindelay=10&v=2&port=1313&path=PeachPitBoat/livereload:1
[81484409ms] [ERROR] WebSocket connection to 'ws://localhost:1313/PeachPitBoat/livereload' failed: Error in connection establishment: net::ERR_CONNECTION_REFUSED @ http://localhost:1313/PeachPitBoat/livereload.js?mindelay=10&v=2&port=1313&path=PeachPitBoat/livereload:1
[81546758ms] [ERROR] WebSocket connection to 'ws://localhost:1313/PeachPitBoat/livereload' failed: Error in connection establishment: net::ERR_CONNECTION_REFUSED @ http://localhost:1313/PeachPitBoat/livereload.js?mindelay=10&v=2&port=1313&path=PeachPitBoat/livereload:1
[81609123ms] [ERROR] WebSocket connection to 'ws://localhost:1313/PeachPitBoat/livereload' failed: Error in connection establishment: net::ERR_CONNECTION_REFUSED @ http://localhost:1313/PeachPitBoat/livereload.js?mindelay=10&v=2&port=1313&path=PeachPitBoat/livereload:1
[81671479ms] [ERROR] WebSocket connection to 'ws://localhost:1313/PeachPitBoat/livereload' failed: Error in connection establishment: net::ERR_CONNECTION_REFUSED @ http://localhost:1313/PeachPitBoat/livereload.js?mindelay=10&v=2&port=1313&path=PeachPitBoat/livereload:1
[81733846ms] [ERROR] WebSocket connection to 'ws://localhost:1313/PeachPitBoat/livereload' failed: Error in connection establishment: net::ERR_CONNECTION_REFUSED @ http://localhost:1313/PeachPitBoat/livereload.js?mindelay=10&v=2&port=1313&path=PeachPitBoat/livereload:1
[81796207ms] [ERROR] WebSocket connection to 'ws://localhost:1313/PeachPitBoat/livereload' failed: Error in connection establishment: net::ERR_CONNECTION_REFUSED @ http://localhost:1313/PeachPitBoat/livereload.js?mindelay=10&v=2&port=1313&path=PeachPitBoat/livereload:1
[81858553ms] [ERROR] WebSocket connection to 'ws://localhost:1313/PeachPitBoat/livereload' failed: Error in connection establishment: net::ERR_CONNECTION_REFUSED @ http://localhost:1313/PeachPitBoat/livereload.js?mindelay=10&v=2&port=1313&path=PeachPitBoat/livereload:1
[81920899ms] [ERROR] WebSocket connection to 'ws://localhost:1313/PeachPitBoat/livereload' failed: Error in connection establishment: net::ERR_CONNECTION_REFUSED @ http://localhost:1313/PeachPitBoat/livereload.js?mindelay=10&v=2&port=1313&path=PeachPitBoat/livereload:1
[81983239ms] [ERROR] WebSocket connection to 'ws://localhost:1313/PeachPitBoat/livereload' failed: Error in connection establishment: net::ERR_CONNECTION_REFUSED @ http://localhost:1313/PeachPitBoat/livereload.js?mindelay=10&v=2&port=1313&path=PeachPitBoat/livereload:1
[82045605ms] [ERROR] WebSocket connection to 'ws://localhost:1313/PeachPitBoat/livereload' failed: Error in connection establishment: net::ERR_CONNECTION_REFUSED @ http://localhost:1313/PeachPitBoat/livereload.js?mindelay=10&v=2&port=1313&path=PeachPitBoat/livereload:1
[82107940ms] [ERROR] WebSocket connection to 'ws://localhost:1313/PeachPitBoat/livereload' failed: Error in connection establishment: net::ERR_CONNECTION_REFUSED @ http://localhost:1313/PeachPitBoat/livereload.js?mindelay=10&v=2&port=1313&path=PeachPitBoat/livereload:1
[82170322ms] [ERROR] WebSocket connection to 'ws://localhost:1313/PeachPitBoat/livereload' failed: Error in connection establishment: net::ERR_CONNECTION_REFUSED @ http://localhost:1313/PeachPitBoat/livereload.js?mindelay=10&v=2&port=1313&path=PeachPitBoat/livereload:1
[82232652ms] [ERROR] WebSocket connection to 'ws://localhost:1313/PeachPitBoat/livereload' failed: Error in connection establishment: net::ERR_CONNECTION_REFUSED @ http://localhost:1313/PeachPitBoat/livereload.js?mindelay=10&v=2&port=1313&path=PeachPitBoat/livereload:1
[82295007ms] [ERROR] WebSocket connection to 'ws://localhost:1313/PeachPitBoat/livereload' failed: Error in connection establishment: net::ERR_CONNECTION_REFUSED @ http://localhost:1313/PeachPitBoat/livereload.js?mindelay=10&v=2&port=1313&path=PeachPitBoat/livereload:1
[82357349ms] [ERROR] WebSocket connection to 'ws://localhost:1313/PeachPitBoat/livereload' failed: Error in connection establishment: net::ERR_CONNECTION_REFUSED @ http://localhost:1313/PeachPitBoat/livereload.js?mindelay=10&v=2&port=1313&path=PeachPitBoat/livereload:1
[82419730ms] [ERROR] WebSocket connection to 'ws://localhost:1313/PeachPitBoat/livereload' failed: Error in connection establishment: net::ERR_CONNECTION_REFUSED @ http://localhost:1313/PeachPitBoat/livereload.js?mindelay=10&v=2&port=1313&path=PeachPitBoat/livereload:1
[82482189ms] [ERROR] WebSocket connection to 'ws://localhost:1313/PeachPitBoat/livereload' failed: Error in connection establishment: net::ERR_CONNECTION_REFUSED @ http://localhost:1313/PeachPitBoat/livereload.js?mindelay=10&v=2&port=1313&path=PeachPitBoat/livereload:1
[82544556ms] [ERROR] WebSocket connection to 'ws://localhost:1313/PeachPitBoat/livereload' failed: Error in connection establishment: net::ERR_CONNECTION_REFUSED @ http://localhost:1313/PeachPitBoat/livereload.js?mindelay=10&v=2&port=1313&path=PeachPitBoat/livereload:1
[82606893ms] [ERROR] WebSocket connection to 'ws://localhost:1313/PeachPitBoat/livereload' failed: Error in connection establishment: net::ERR_CONNECTION_REFUSED @ http://localhost:1313/PeachPitBoat/livereload.js?mindelay=10&v=2&port=1313&path=PeachPitBoat/livereload:1
[82669254ms] [ERROR] WebSocket connection to 'ws://localhost:1313/PeachPitBoat/livereload' failed: Error in connection establishment: net::ERR_CONNECTION_REFUSED @ http://localhost:1313/PeachPitBoat/livereload.js?mindelay=10&v=2&port=1313&path=PeachPitBoat/livereload:1
[82731591ms] [ERROR] WebSocket connection to 'ws://localhost:1313/PeachPitBoat/livereload' failed: Error in connection establishment: net::ERR_CONNECTION_REFUSED @ http://localhost:1313/PeachPitBoat/livereload.js?mindelay=10&v=2&port=1313&path=PeachPitBoat/livereload:1
[82793955ms] [ERROR] WebSocket connection to 'ws://localhost:1313/PeachPitBoat/livereload' failed: Error in connection establishment: net::ERR_CONNECTION_REFUSED @ http://localhost:1313/PeachPitBoat/livereload.js?mindelay=10&v=2&port=1313&path=PeachPitBoat/livereload:1
[82856303ms] [ERROR] WebSocket connection to 'ws://localhost:1313/PeachPitBoat/livereload' failed: Error in connection establishment: net::ERR_CONNECTION_REFUSED @ http://localhost:1313/PeachPitBoat/livereload.js?mindelay=10&v=2&port=1313&path=PeachPitBoat/livereload:1
[82918654ms] [ERROR] WebSocket connection to 'ws://localhost:1313/PeachPitBoat/livereload' failed: Error in connection establishment: net::ERR_CONNECTION_REFUSED @ http://localhost:1313/PeachPitBoat/livereload.js?mindelay=10&v=2&port=1313&path=PeachPitBoat/livereload:1
[82981022ms] [ERROR] WebSocket connection to 'ws://localhost:1313/PeachPitBoat/livereload' failed: Error in connection establishment: net::ERR_CONNECTION_REFUSED @ http://localhost:1313/PeachPitBoat/livereload.js?mindelay=10&v=2&port=1313&path=PeachPitBoat/livereload:1
[83043446ms] [ERROR] WebSocket connection to 'ws://localhost:1313/PeachPitBoat/livereload' failed: Error in connection establishment: net::ERR_CONNECTION_REFUSED @ http://localhost:1313/PeachPitBoat/livereload.js?mindelay=10&v=2&port=1313&path=PeachPitBoat/livereload:1
[83105793ms] [ERROR] WebSocket connection to 'ws://localhost:1313/PeachPitBoat/livereload' failed: Error in connection establishment: net::ERR_CONNECTION_REFUSED @ http://localhost:1313/PeachPitBoat/livereload.js?mindelay=10&v=2&port=1313&path=PeachPitBoat/livereload:1
[83168140ms] [ERROR] WebSocket connection to 'ws://localhost:1313/PeachPitBoat/livereload' failed: Error in connection establishment: net::ERR_CONNECTION_REFUSED @ http://localhost:1313/PeachPitBoat/livereload.js?mindelay=10&v=2&port=1313&path=PeachPitBoat/livereload:1
[83230499ms] [ERROR] WebSocket connection to 'ws://localhost:1313/PeachPitBoat/livereload' failed: Error in connection establishment: net::ERR_CONNECTION_REFUSED @ http://localhost:1313/PeachPitBoat/livereload.js?mindelay=10&v=2&port=1313&path=PeachPitBoat/livereload:1
[83292870ms] [ERROR] WebSocket connection to 'ws://localhost:1313/PeachPitBoat/livereload' failed: Error in connection establishment: net::ERR_CONNECTION_REFUSED @ http://localhost:1313/PeachPitBoat/livereload.js?mindelay=10&v=2&port=1313&path=PeachPitBoat/livereload:1
[83355214ms] [ERROR] WebSocket connection to 'ws://localhost:1313/PeachPitBoat/livereload' failed: Error in connection establishment: net::ERR_CONNECTION_REFUSED @ http://localhost:1313/PeachPitBoat/livereload.js?mindelay=10&v=2&port=1313&path=PeachPitBoat/livereload:1
[83417568ms] [ERROR] WebSocket connection to 'ws://localhost:1313/PeachPitBoat/livereload' failed: Error in connection establishment: net::ERR_CONNECTION_REFUSED @ http://localhost:1313/PeachPitBoat/livereload.js?mindelay=10&v=2&port=1313&path=PeachPitBoat/livereload:1
[83479914ms] [ERROR] WebSocket connection to 'ws://localhost:1313/PeachPitBoat/livereload' failed: Error in connection establishment: net::ERR_CONNECTION_REFUSED @ http://localhost:1313/PeachPitBoat/livereload.js?mindelay=10&v=2&port=1313&path=PeachPitBoat/livereload:1
[83542264ms] [ERROR] WebSocket connection to 'ws://localhost:1313/PeachPitBoat/livereload' failed: Error in connection establishment: net::ERR_CONNECTION_REFUSED @ http://localhost:1313/PeachPitBoat/livereload.js?mindelay=10&v=2&port=1313&path=PeachPitBoat/livereload:1
[83604605ms] [ERROR] WebSocket connection to 'ws://localhost:1313/PeachPitBoat/livereload' failed: Error in connection establishment: net::ERR_CONNECTION_REFUSED @ http://localhost:1313/PeachPitBoat/livereload.js?mindelay=10&v=2&port=1313&path=PeachPitBoat/livereload:1
[83666960ms] [ERROR] WebSocket connection to 'ws://localhost:1313/PeachPitBoat/livereload' failed: Error in connection establishment: net::ERR_CONNECTION_REFUSED @ http://localhost:1313/PeachPitBoat/livereload.js?mindelay=10&v=2&port=1313&path=PeachPitBoat/livereload:1
[83729307ms] [ERROR] WebSocket connection to 'ws://localhost:1313/PeachPitBoat/livereload' failed: Error in connection establishment: net::ERR_CONNECTION_REFUSED @ http://localhost:1313/PeachPitBoat/livereload.js?mindelay=10&v=2&port=1313&path=PeachPitBoat/livereload:1
[83791671ms] [ERROR] WebSocket connection to 'ws://localhost:1313/PeachPitBoat/livereload' failed: Error in connection establishment: net::ERR_CONNECTION_REFUSED @ http://localhost:1313/PeachPitBoat/livereload.js?mindelay=10&v=2&port=1313&path=PeachPitBoat/livereload:1
[83854034ms] [ERROR] WebSocket connection to 'ws://localhost:1313/PeachPitBoat/livereload' failed: Error in connection establishment: net::ERR_CONNECTION_REFUSED @ http://localhost:1313/PeachPitBoat/livereload.js?mindelay=10&v=2&port=1313&path=PeachPitBoat/livereload:1
[83916440ms] [ERROR] WebSocket connection to 'ws://localhost:1313/PeachPitBoat/livereload' failed: Error in connection establishment: net::ERR_CONNECTION_REFUSED @ http://localhost:1313/PeachPitBoat/livereload.js?mindelay=10&v=2&port=1313&path=PeachPitBoat/livereload:1
[83978778ms] [ERROR] WebSocket connection to 'ws://localhost:1313/PeachPitBoat/livereload' failed: Error in connection establishment: net::ERR_CONNECTION_REFUSED @ http://localhost:1313/PeachPitBoat/livereload.js?mindelay=10&v=2&port=1313&path=PeachPitBoat/livereload:1
[84041115ms] [ERROR] WebSocket connection to 'ws://localhost:1313/PeachPitBoat/livereload' failed: Error in connection establishment: net::ERR_CONNECTION_REFUSED @ http://localhost:1313/PeachPitBoat/livereload.js?mindelay=10&v=2&port=1313&path=PeachPitBoat/livereload:1
[84103469ms] [ERROR] WebSocket connection to 'ws://localhost:1313/PeachPitBoat/livereload' failed: Error in connection establishment: net::ERR_CONNECTION_REFUSED @ http://localhost:1313/PeachPitBoat/livereload.js?mindelay=10&v=2&port=1313&path=PeachPitBoat/livereload:1
[84165820ms] [ERROR] WebSocket connection to 'ws://localhost:1313/PeachPitBoat/livereload' failed: Error in connection establishment: net::ERR_CONNECTION_REFUSED @ http://localhost:1313/PeachPitBoat/livereload.js?mindelay=10&v=2&port=1313&path=PeachPitBoat/livereload:1
[84228162ms] [ERROR] WebSocket connection to 'ws://localhost:1313/PeachPitBoat/livereload' failed: Error in connection establishment: net::ERR_CONNECTION_REFUSED @ http://localhost:1313/PeachPitBoat/livereload.js?mindelay=10&v=2&port=1313&path=PeachPitBoat/livereload:1
[84290512ms] [ERROR] WebSocket connection to 'ws://localhost:1313/PeachPitBoat/livereload' failed: Error in connection establishment: net::ERR_CONNECTION_REFUSED @ http://localhost:1313/PeachPitBoat/livereload.js?mindelay=10&v=2&port=1313&path=PeachPitBoat/livereload:1
[84352849ms] [ERROR] WebSocket connection to 'ws://localhost:1313/PeachPitBoat/livereload' failed: Error in connection establishment: net::ERR_CONNECTION_REFUSED @ http://localhost:1313/PeachPitBoat/livereload.js?mindelay=10&v=2&port=1313&path=PeachPitBoat/livereload:1
[84415207ms] [ERROR] WebSocket connection to 'ws://localhost:1313/PeachPitBoat/livereload' failed: Error in connection establishment: net::ERR_CONNECTION_REFUSED @ http://localhost:1313/PeachPitBoat/livereload.js?mindelay=10&v=2&port=1313&path=PeachPitBoat/livereload:1
[84477557ms] [ERROR] WebSocket connection to 'ws://localhost:1313/PeachPitBoat/livereload' failed: Error in connection establishment: net::ERR_CONNECTION_REFUSED @ http://localhost:1313/PeachPitBoat/livereload.js?mindelay=10&v=2&port=1313&path=PeachPitBoat/livereload:1
[84539990ms] [ERROR] WebSocket connection to 'ws://localhost:1313/PeachPitBoat/livereload' failed: Error in connection establishment: net::ERR_CONNECTION_REFUSED @ http://localhost:1313/PeachPitBoat/livereload.js?mindelay=10&v=2&port=1313&path=PeachPitBoat/livereload:1
[84602361ms] [ERROR] WebSocket connection to 'ws://localhost:1313/PeachPitBoat/livereload' failed: Error in connection establishment: net::ERR_CONNECTION_REFUSED @ http://localhost:1313/PeachPitBoat/livereload.js?mindelay=10&v=2&port=1313&path=PeachPitBoat/livereload:1
[84664693ms] [ERROR] WebSocket connection to 'ws://localhost:1313/PeachPitBoat/livereload' failed: Error in connection establishment: net::ERR_CONNECTION_REFUSED @ http://localhost:1313/PeachPitBoat/livereload.js?mindelay=10&v=2&port=1313&path=PeachPitBoat/livereload:1
[84727090ms] [ERROR] WebSocket connection to 'ws://localhost:1313/PeachPitBoat/livereload' failed: Error in connection establishment: net::ERR_CONNECTION_REFUSED @ http://localhost:1313/PeachPitBoat/livereload.js?mindelay=10&v=2&port=1313&path=PeachPitBoat/livereload:1
[84789442ms] [ERROR] WebSocket connection to 'ws://localhost:1313/PeachPitBoat/livereload' failed: Error in connection establishment: net::ERR_CONNECTION_REFUSED @ http://localhost:1313/PeachPitBoat/livereload.js?mindelay=10&v=2&port=1313&path=PeachPitBoat/livereload:1
[84851796ms] [ERROR] WebSocket connection to 'ws://localhost:1313/PeachPitBoat/livereload' failed: Error in connection establishment: net::ERR_CONNECTION_REFUSED @ http://localhost:1313/PeachPitBoat/livereload.js?mindelay=10&v=2&port=1313&path=PeachPitBoat/livereload:1
[84914172ms] [ERROR] WebSocket connection to 'ws://localhost:1313/PeachPitBoat/livereload' failed: Error in connection establishment: net::ERR_CONNECTION_REFUSED @ http://localhost:1313/PeachPitBoat/livereload.js?mindelay=10&v=2&port=1313&path=PeachPitBoat/livereload:1
[84976548ms] [ERROR] WebSocket connection to 'ws://localhost:1313/PeachPitBoat/livereload' failed: Error in connection establishment: net::ERR_CONNECTION_REFUSED @ http://localhost:1313/PeachPitBoat/livereload.js?mindelay=10&v=2&port=1313&path=PeachPitBoat/livereload:1
[85038871ms] [ERROR] WebSocket connection to 'ws://localhost:1313/PeachPitBoat/livereload' failed: Error in connection establishment: net::ERR_CONNECTION_REFUSED @ http://localhost:1313/PeachPitBoat/livereload.js?mindelay=10&v=2&port=1313&path=PeachPitBoat/livereload:1
[85101214ms] [ERROR] WebSocket connection to 'ws://localhost:1313/PeachPitBoat/livereload' failed: Error in connection establishment: net::ERR_CONNECTION_REFUSED @ http://localhost:1313/PeachPitBoat/livereload.js?mindelay=10&v=2&port=1313&path=PeachPitBoat/livereload:1
[85163570ms] [ERROR] WebSocket connection to 'ws://localhost:1313/PeachPitBoat/livereload' failed: Error in connection establishment: net::ERR_CONNECTION_REFUSED @ http://localhost:1313/PeachPitBoat/livereload.js?mindelay=10&v=2&port=1313&path=PeachPitBoat/livereload:1
[85225933ms] [ERROR] WebSocket connection to 'ws://localhost:1313/PeachPitBoat/livereload' failed: Error in connection establishment: net::ERR_CONNECTION_REFUSED @ http://localhost:1313/PeachPitBoat/livereload.js?mindelay=10&v=2&port=1313&path=PeachPitBoat/livereload:1
[85288289ms] [ERROR] WebSocket connection to 'ws://localhost:1313/PeachPitBoat/livereload' failed: Error in connection establishment: net::ERR_CONNECTION_REFUSED @ http://localhost:1313/PeachPitBoat/livereload.js?mindelay=10&v=2&port=1313&path=PeachPitBoat/livereload:1
[85350649ms] [ERROR] WebSocket connection to 'ws://localhost:1313/PeachPitBoat/livereload' failed: Error in connection establishment: net::ERR_CONNECTION_REFUSED @ http://localhost:1313/PeachPitBoat/livereload.js?mindelay=10&v=2&port=1313&path=PeachPitBoat/livereload:1
[85412995ms] [ERROR] WebSocket connection to 'ws://localhost:1313/PeachPitBoat/livereload' failed: Error in connection establishment: net::ERR_CONNECTION_REFUSED @ http://localhost:1313/PeachPitBoat/livereload.js?mindelay=10&v=2&port=1313&path=PeachPitBoat/livereload:1
[85475340ms] [ERROR] WebSocket connection to 'ws://localhost:1313/PeachPitBoat/livereload' failed: Error in connection establishment: net::ERR_CONNECTION_REFUSED @ http://localhost:1313/PeachPitBoat/livereload.js?mindelay=10&v=2&port=1313&path=PeachPitBoat/livereload:1
[85537699ms] [ERROR] WebSocket connection to 'ws://localhost:1313/PeachPitBoat/livereload' failed: Error in connection establishment: net::ERR_CONNECTION_REFUSED @ http://localhost:1313/PeachPitBoat/livereload.js?mindelay=10&v=2&port=1313&path=PeachPitBoat/livereload:1
[85600039ms] [ERROR] WebSocket connection to 'ws://localhost:1313/PeachPitBoat/livereload' failed: Error in connection establishment: net::ERR_CONNECTION_REFUSED @ http://localhost:1313/PeachPitBoat/livereload.js?mindelay=10&v=2&port=1313&path=PeachPitBoat/livereload:1
[85662398ms] [ERROR] WebSocket connection to 'ws://localhost:1313/PeachPitBoat/livereload' failed: Error in connection establishment: net::ERR_CONNECTION_REFUSED @ http://localhost:1313/PeachPitBoat/livereload.js?mindelay=10&v=2&port=1313&path=PeachPitBoat/livereload:1
[85724760ms] [ERROR] WebSocket connection to 'ws://localhost:1313/PeachPitBoat/livereload' failed: Error in connection establishment: net::ERR_CONNECTION_REFUSED @ http://localhost:1313/PeachPitBoat/livereload.js?mindelay=10&v=2&port=1313&path=PeachPitBoat/livereload:1
[85787118ms] [ERROR] WebSocket connection to 'ws://localhost:1313/PeachPitBoat/livereload' failed: Error in connection establishment: net::ERR_CONNECTION_REFUSED @ http://localhost:1313/PeachPitBoat/livereload.js?mindelay=10&v=2&port=1313&path=PeachPitBoat/livereload:1
